[INFO]: Current run directory is /openlane/designs/PrimitiveCalculator/runs/RUN_2022.05.03_13.57.30
[INFO]: Storing configs into config.tcl ...
[INFO]: Preparing LEF Files
[INFO]: Extracting the number of available metal layers from /home/emre/ASIC/pdk/sky130A/libs.ref/sky130_fd_sc_hd/techlef/sky130_fd_sc_hd.tlef
[INFO]: The available metal layers (6) are li1  met1  met2  met3  met4  met5
[INFO]: Merging LEF Files...
[INFO]: Trimming Liberty...
[INFO]: Generating Exclude List...
[INFO]: Generating Exclude List...
[INFO]: Creating ::env(DONT_USE_CELLS)...
[INFO]: Preparation complete
[INFO]: Incremented step index to 0.
[INFO]: Running Synthesis...
[INFO]: Changing netlist from 0 to /openlane/designs/PrimitiveCalculator/runs/RUN_2022.05.03_13.57.30/results/synthesis/PrimitiveCalculator.v
[INFO]: Incremented step index to 1.
[INFO]: Running Static Timing Analysis...
[INFO]: Synthesis was successful
[INFO]: Running Floorplanning...
[INFO]: Running Initial Floorplanning...
[INFO]: Incremented step index to 2.
[INFO]: Core area width: 12.879999999999999
[INFO]: Core area height: 10.88
[WARNING]: Current core area is too small for a power grid. The power grid will be minimized.
[INFO]: Final Vertical PDN Offset: 2.1466666666666665
[INFO]: Final Horizontal PDN Offset: 1.8133333333333335
[INFO]: Final Vertical PDN Pitch: 4.293333333333333
[INFO]: Final Horizontal PDN Pitch: 3.626666666666667
[INFO]: Changing layout from 0 to /openlane/designs/PrimitiveCalculator/runs/RUN_2022.05.03_13.57.30/tmp/floorplan/3-initial_fp.def
[INFO]: Setting Core Dimensions...
[INFO]: Incremented step index to 3.
[INFO]: Running IO Placement...
[INFO]: Changing layout from /openlane/designs/PrimitiveCalculator/runs/RUN_2022.05.03_13.57.30/tmp/floorplan/3-initial_fp.def to /openlane/designs/PrimitiveCalculator/runs/RUN_2022.05.03_13.57.30/tmp/floorplan/4-io.def
[INFO]: Incremented step index to 4.
[INFO]: Running Tap/Decap Insertion...
[INFO]: Changing layout from /openlane/designs/PrimitiveCalculator/runs/RUN_2022.05.03_13.57.30/tmp/floorplan/4-io.def to /openlane/designs/PrimitiveCalculator/runs/RUN_2022.05.03_13.57.30/results/floorplan/PrimitiveCalculator.def
[INFO]: Power planning the following nets
[INFO]: Power: VPWR
[INFO]: Ground: VGND
[INFO]: Incremented step index to 5.
[INFO]: Generating PDN...
[ERROR]: during executing openroad script /openlane/scripts/openroad/pdn.tcl
[ERROR]: Exit code: 1
[ERROR]: Last 10 lines:
child process exited abnormally

[INFO]: Creating reproducible...
[INFO]: Saving runtime environment...
[INFO]: Reproducible packaged: Please tarball and upload designs/PrimitiveCalculator/runs/RUN_2022.05.03_13.57.30/openroad_issue_reproducible if you're going to submit an issue.
[INFO]: Calculating Runtime From the Start...
[INFO]: Generating Final Summary Report...
[INFO]: Design Name: PrimitiveCalculator
Run Directory: /openlane/designs/PrimitiveCalculator/runs/RUN_2022.05.03_13.57.30
Source not found.
----------------------------------------

LVS Summary:
Source: /openlane/designs/PrimitiveCalculator/runs/RUN_2022.05.03_13.57.30/logs/finishing/PrimitiveCalculator.lvs.lef.log
Source not found.
----------------------------------------

Antenna Summary:
No antenna report found.
[INFO]: check full report here: /openlane/designs/PrimitiveCalculator/runs/RUN_2022.05.03_13.57.30/reports/final_summary_report.csv
[INFO]: Saving runtime environment...
[ERROR]: Flow failed.
[INFO]: The failure may have been because of the following warnings:
