
===========================================================================
report_checks -unconstrained
============================================================================
Startpoint: _1835_ (rising edge-triggered flip-flop)
Endpoint: seven_segment_out[5] (output port clocked by clk)
Path Group: clk
Path Type: max

Fanout     Cap    Slew   Delay    Time   Description
-----------------------------------------------------------------------------
                  0.52    0.00    0.00 ^ _1835_/CLK (sky130_fd_sc_hd__dfxtp_2)
                  0.16    0.55    0.55 ^ _1835_/Q (sky130_fd_sc_hd__dfxtp_2)
     4    0.03                           net7 (net)
                  0.16    0.00    0.55 ^ _1488_/S (sky130_fd_sc_hd__mux2_1)
                  0.07    0.38    0.94 v _1488_/X (sky130_fd_sc_hd__mux2_1)
     3    0.01                           _0749_ (net)
                  0.07    0.00    0.94 v _1489_/A (sky130_fd_sc_hd__dlymetal6s2s_1)
                  0.08    0.20    1.14 v _1489_/X (sky130_fd_sc_hd__dlymetal6s2s_1)
     5    0.01                           _0750_ (net)
                  0.08    0.00    1.14 v _1504_/A (sky130_fd_sc_hd__or2b_1)
                  0.06    0.26    1.39 v _1504_/X (sky130_fd_sc_hd__or2b_1)
     2    0.01                           _0763_ (net)
                  0.06    0.00    1.39 v _1512_/C (sky130_fd_sc_hd__and3_1)
                  0.04    0.19    1.58 v _1512_/X (sky130_fd_sc_hd__and3_1)
     1    0.00                           _0768_ (net)
                  0.04    0.00    1.58 v _1513_/C1 (sky130_fd_sc_hd__a311o_1)
                  0.06    0.29    1.87 v _1513_/X (sky130_fd_sc_hd__a311o_1)
     1    0.01                           _0769_ (net)
                  0.06    0.00    1.87 v _1514_/B1 (sky130_fd_sc_hd__a31o_4)
                  0.07    0.27    2.14 v _1514_/X (sky130_fd_sc_hd__a31o_4)
     1    0.03                           net13 (net)
                  0.08    0.01    2.15 v output13/A (sky130_fd_sc_hd__buf_2)
                  0.09    0.20    2.35 v output13/X (sky130_fd_sc_hd__buf_2)
     1    0.03                           seven_segment_out[5] (net)
                  0.09    0.00    2.35 v seven_segment_out[5] (out)
                                  2.35   data arrival time

                         10.00   10.00   clock clk (rise edge)
                          0.00   10.00   clock network delay (propagated)
                         -0.25    9.75   clock uncertainty
                          0.00    9.75   clock reconvergence pessimism
                         -2.00    7.75   output external delay
                                  7.75   data required time
-----------------------------------------------------------------------------
                                  7.75   data required time
                                 -2.35   data arrival time
-----------------------------------------------------------------------------
                                  5.40   slack (MET)



===========================================================================
report_checks --slack_max -0.01
============================================================================
No paths found.
