
===========================================================================
report_checks -path_delay min (Hold)
============================================================================
Startpoint: _1783_ (rising edge-triggered flip-flop clocked by clk)
Endpoint: _1783_ (rising edge-triggered flip-flop clocked by clk)
Path Group: clk
Path Type: min

Fanout     Cap    Slew   Delay    Time   Description
-----------------------------------------------------------------------------
                          0.00    0.00   clock clk (rise edge)
                          0.00    0.00   clock source latency
                  0.13    0.08    0.08 ^ clk (in)
     1    0.03                           clk (net)
                  0.13    0.00    0.08 ^ clkbuf_0_clk/A (sky130_fd_sc_hd__clkbuf_16)
                  0.03    0.14    0.22 ^ clkbuf_0_clk/X (sky130_fd_sc_hd__clkbuf_16)
     2    0.01                           clknet_0_clk (net)
                  0.03    0.00    0.22 ^ clkbuf_1_0_0_clk/A (sky130_fd_sc_hd__clkbuf_2)
                  0.08    0.12    0.34 ^ clkbuf_1_0_0_clk/X (sky130_fd_sc_hd__clkbuf_2)
     4    0.01                           clknet_1_0_0_clk (net)
                  0.08    0.00    0.35 ^ _1783_/CLK (sky130_fd_sc_hd__dfxtp_1)
                  0.07    0.32    0.66 ^ _1783_/Q (sky130_fd_sc_hd__dfxtp_1)
     2    0.01                           next_state[0] (net)
                  0.07    0.00    0.66 ^ _1669_/B2 (sky130_fd_sc_hd__a32o_1)
                  0.05    0.12    0.78 ^ _1669_/X (sky130_fd_sc_hd__a32o_1)
     1    0.00                           _0060_ (net)
                  0.05    0.00    0.78 ^ _1783_/D (sky130_fd_sc_hd__dfxtp_1)
                                  0.78   data arrival time

                          0.00    0.00   clock clk (rise edge)
                          0.00    0.00   clock source latency
                  0.13    0.09    0.09 ^ clk (in)
     1    0.03                           clk (net)
                  0.13    0.00    0.09 ^ clkbuf_0_clk/A (sky130_fd_sc_hd__clkbuf_16)
                  0.03    0.15    0.25 ^ clkbuf_0_clk/X (sky130_fd_sc_hd__clkbuf_16)
     2    0.01                           clknet_0_clk (net)
                  0.03    0.00    0.25 ^ clkbuf_1_0_0_clk/A (sky130_fd_sc_hd__clkbuf_2)
                  0.08    0.13    0.38 ^ clkbuf_1_0_0_clk/X (sky130_fd_sc_hd__clkbuf_2)
     4    0.01                           clknet_1_0_0_clk (net)
                  0.08    0.00    0.38 ^ _1783_/CLK (sky130_fd_sc_hd__dfxtp_1)
                          0.25    0.63   clock uncertainty
                         -0.04    0.60   clock reconvergence pessimism
                         -0.03    0.57   library hold time
                                  0.57   data required time
-----------------------------------------------------------------------------
                                  0.57   data required time
                                 -0.78   data arrival time
-----------------------------------------------------------------------------
                                  0.22   slack (MET)


Startpoint: _1785_ (rising edge-triggered flip-flop clocked by clk)
Endpoint: _1785_ (rising edge-triggered flip-flop clocked by clk)
Path Group: clk
Path Type: min

Fanout     Cap    Slew   Delay    Time   Description
-----------------------------------------------------------------------------
                          0.00    0.00   clock clk (rise edge)
                          0.00    0.00   clock source latency
                  0.13    0.08    0.08 ^ clk (in)
     1    0.03                           clk (net)
                  0.13    0.00    0.08 ^ clkbuf_0_clk/A (sky130_fd_sc_hd__clkbuf_16)
                  0.03    0.14    0.22 ^ clkbuf_0_clk/X (sky130_fd_sc_hd__clkbuf_16)
     2    0.01                           clknet_0_clk (net)
                  0.03    0.00    0.22 ^ clkbuf_1_1_0_clk/A (sky130_fd_sc_hd__clkbuf_2)
                  0.13    0.15    0.37 ^ clkbuf_1_1_0_clk/X (sky130_fd_sc_hd__clkbuf_2)
     4    0.02                           clknet_1_1_0_clk (net)
                  0.13    0.00    0.37 ^ _1785_/CLK (sky130_fd_sc_hd__dfxtp_1)
                  0.07    0.33    0.71 ^ _1785_/Q (sky130_fd_sc_hd__dfxtp_1)
     2    0.01                           next_state[2] (net)
                  0.07    0.00    0.71 ^ _1674_/A1 (sky130_fd_sc_hd__a22o_1)
                  0.04    0.12    0.83 ^ _1674_/X (sky130_fd_sc_hd__a22o_1)
     1    0.00                           _0062_ (net)
                  0.04    0.00    0.83 ^ _1785_/D (sky130_fd_sc_hd__dfxtp_1)
                                  0.83   data arrival time

                          0.00    0.00   clock clk (rise edge)
                          0.00    0.00   clock source latency
                  0.13    0.09    0.09 ^ clk (in)
     1    0.03                           clk (net)
                  0.13    0.00    0.09 ^ clkbuf_0_clk/A (sky130_fd_sc_hd__clkbuf_16)
                  0.03    0.15    0.25 ^ clkbuf_0_clk/X (sky130_fd_sc_hd__clkbuf_16)
     2    0.01                           clknet_0_clk (net)
                  0.03    0.00    0.25 ^ clkbuf_1_1_0_clk/A (sky130_fd_sc_hd__clkbuf_2)
                  0.13    0.17    0.41 ^ clkbuf_1_1_0_clk/X (sky130_fd_sc_hd__clkbuf_2)
     4    0.02                           clknet_1_1_0_clk (net)
                  0.13    0.00    0.41 ^ _1785_/CLK (sky130_fd_sc_hd__dfxtp_1)
                          0.25    0.66   clock uncertainty
                         -0.04    0.62   clock reconvergence pessimism
                         -0.02    0.60   library hold time
                                  0.60   data required time
-----------------------------------------------------------------------------
                                  0.60   data required time
                                 -0.83   data arrival time
-----------------------------------------------------------------------------
                                  0.23   slack (MET)


Startpoint: _1784_ (rising edge-triggered flip-flop clocked by clk)
Endpoint: _1784_ (rising edge-triggered flip-flop clocked by clk)
Path Group: clk
Path Type: min

Fanout     Cap    Slew   Delay    Time   Description
-----------------------------------------------------------------------------
                          0.00    0.00   clock clk (rise edge)
                          0.00    0.00   clock source latency
                  0.13    0.08    0.08 ^ clk (in)
     1    0.03                           clk (net)
                  0.13    0.00    0.08 ^ clkbuf_0_clk/A (sky130_fd_sc_hd__clkbuf_16)
                  0.03    0.14    0.22 ^ clkbuf_0_clk/X (sky130_fd_sc_hd__clkbuf_16)
     2    0.01                           clknet_0_clk (net)
                  0.03    0.00    0.22 ^ clkbuf_1_0_0_clk/A (sky130_fd_sc_hd__clkbuf_2)
                  0.08    0.12    0.34 ^ clkbuf_1_0_0_clk/X (sky130_fd_sc_hd__clkbuf_2)
     4    0.01                           clknet_1_0_0_clk (net)
                  0.08    0.00    0.34 ^ _1784_/CLK (sky130_fd_sc_hd__dfxtp_1)
                  0.09    0.33    0.68 ^ _1784_/Q (sky130_fd_sc_hd__dfxtp_1)
     2    0.01                           next_state[1] (net)
                  0.09    0.00    0.68 ^ _1671_/A1 (sky130_fd_sc_hd__a22o_1)
                  0.04    0.13    0.81 ^ _1671_/X (sky130_fd_sc_hd__a22o_1)
     1    0.00                           _0061_ (net)
                  0.04    0.00    0.81 ^ _1784_/D (sky130_fd_sc_hd__dfxtp_1)
                                  0.81   data arrival time

                          0.00    0.00   clock clk (rise edge)
                          0.00    0.00   clock source latency
                  0.13    0.09    0.09 ^ clk (in)
     1    0.03                           clk (net)
                  0.13    0.00    0.09 ^ clkbuf_0_clk/A (sky130_fd_sc_hd__clkbuf_16)
                  0.03    0.15    0.25 ^ clkbuf_0_clk/X (sky130_fd_sc_hd__clkbuf_16)
     2    0.01                           clknet_0_clk (net)
                  0.03    0.00    0.25 ^ clkbuf_1_0_0_clk/A (sky130_fd_sc_hd__clkbuf_2)
                  0.08    0.13    0.38 ^ clkbuf_1_0_0_clk/X (sky130_fd_sc_hd__clkbuf_2)
     4    0.01                           clknet_1_0_0_clk (net)
                  0.08    0.00    0.38 ^ _1784_/CLK (sky130_fd_sc_hd__dfxtp_1)
                          0.25    0.63   clock uncertainty
                         -0.04    0.60   clock reconvergence pessimism
                         -0.03    0.57   library hold time
                                  0.57   data required time
-----------------------------------------------------------------------------
                                  0.57   data required time
                                 -0.81   data arrival time
-----------------------------------------------------------------------------
                                  0.24   slack (MET)


Startpoint: _1785_ (rising edge-triggered flip-flop clocked by clk)
Endpoint: _1838_ (rising edge-triggered flip-flop clocked by clk)
Path Group: clk
Path Type: min

Fanout     Cap    Slew   Delay    Time   Description
-----------------------------------------------------------------------------
                          0.00    0.00   clock clk (rise edge)
                          0.00    0.00   clock source latency
                  0.13    0.08    0.08 ^ clk (in)
     1    0.03                           clk (net)
                  0.13    0.00    0.08 ^ clkbuf_0_clk/A (sky130_fd_sc_hd__clkbuf_16)
                  0.03    0.14    0.22 ^ clkbuf_0_clk/X (sky130_fd_sc_hd__clkbuf_16)
     2    0.01                           clknet_0_clk (net)
                  0.03    0.00    0.22 ^ clkbuf_1_1_0_clk/A (sky130_fd_sc_hd__clkbuf_2)
                  0.13    0.15    0.37 ^ clkbuf_1_1_0_clk/X (sky130_fd_sc_hd__clkbuf_2)
     4    0.02                           clknet_1_1_0_clk (net)
                  0.13    0.00    0.37 ^ _1785_/CLK (sky130_fd_sc_hd__dfxtp_1)
                  0.07    0.33    0.71 ^ _1785_/Q (sky130_fd_sc_hd__dfxtp_1)
     2    0.01                           next_state[2] (net)
                  0.07    0.00    0.71 ^ _1713_/A0 (sky130_fd_sc_hd__mux2_1)
                  0.04    0.12    0.82 ^ _1713_/X (sky130_fd_sc_hd__mux2_1)
     1    0.00                           _0131_ (net)
                  0.04    0.00    0.82 ^ _1714_/A (sky130_fd_sc_hd__clkbuf_1)
                  0.04    0.07    0.89 ^ _1714_/X (sky130_fd_sc_hd__clkbuf_1)
     1    0.00                           _0077_ (net)
                  0.04    0.00    0.89 ^ _1838_/D (sky130_fd_sc_hd__dfxtp_1)
                                  0.89   data arrival time

                          0.00    0.00   clock clk (rise edge)
                          0.00    0.00   clock source latency
                  0.13    0.09    0.09 ^ clk (in)
     1    0.03                           clk (net)
                  0.13    0.00    0.09 ^ clkbuf_0_clk/A (sky130_fd_sc_hd__clkbuf_16)
                  0.03    0.15    0.25 ^ clkbuf_0_clk/X (sky130_fd_sc_hd__clkbuf_16)
     2    0.01                           clknet_0_clk (net)
                  0.03    0.00    0.25 ^ clkbuf_1_1_0_clk/A (sky130_fd_sc_hd__clkbuf_2)
                  0.13    0.17    0.41 ^ clkbuf_1_1_0_clk/X (sky130_fd_sc_hd__clkbuf_2)
     4    0.02                           clknet_1_1_0_clk (net)
                  0.13    0.00    0.41 ^ _1838_/CLK (sky130_fd_sc_hd__dfxtp_1)
                          0.25    0.66   clock uncertainty
                         -0.04    0.62   clock reconvergence pessimism
                         -0.02    0.61   library hold time
                                  0.61   data required time
-----------------------------------------------------------------------------
                                  0.61   data required time
                                 -0.89   data arrival time
-----------------------------------------------------------------------------
                                  0.29   slack (MET)


Startpoint: _1783_ (rising edge-triggered flip-flop clocked by clk)
Endpoint: _1836_ (rising edge-triggered flip-flop clocked by clk)
Path Group: clk
Path Type: min

Fanout     Cap    Slew   Delay    Time   Description
-----------------------------------------------------------------------------
                          0.00    0.00   clock clk (rise edge)
                          0.00    0.00   clock source latency
                  0.13    0.08    0.08 ^ clk (in)
     1    0.03                           clk (net)
                  0.13    0.00    0.08 ^ clkbuf_0_clk/A (sky130_fd_sc_hd__clkbuf_16)
                  0.03    0.14    0.22 ^ clkbuf_0_clk/X (sky130_fd_sc_hd__clkbuf_16)
     2    0.01                           clknet_0_clk (net)
                  0.03    0.00    0.22 ^ clkbuf_1_0_0_clk/A (sky130_fd_sc_hd__clkbuf_2)
                  0.08    0.12    0.34 ^ clkbuf_1_0_0_clk/X (sky130_fd_sc_hd__clkbuf_2)
     4    0.01                           clknet_1_0_0_clk (net)
                  0.08    0.00    0.35 ^ _1783_/CLK (sky130_fd_sc_hd__dfxtp_1)
                  0.07    0.32    0.66 ^ _1783_/Q (sky130_fd_sc_hd__dfxtp_1)
     2    0.01                           next_state[0] (net)
                  0.07    0.00    0.66 ^ _1709_/A0 (sky130_fd_sc_hd__mux2_1)
                  0.05    0.12    0.79 ^ _1709_/X (sky130_fd_sc_hd__mux2_1)
     1    0.00                           _0129_ (net)
                  0.05    0.00    0.79 ^ _1710_/A (sky130_fd_sc_hd__clkbuf_1)
                  0.05    0.08    0.87 ^ _1710_/X (sky130_fd_sc_hd__clkbuf_1)
     1    0.00                           _0075_ (net)
                  0.05    0.00    0.87 ^ _1836_/D (sky130_fd_sc_hd__dfxtp_1)
                                  0.87   data arrival time

                          0.00    0.00   clock clk (rise edge)
                          0.00    0.00   clock source latency
                  0.13    0.09    0.09 ^ clk (in)
     1    0.03                           clk (net)
                  0.13    0.00    0.09 ^ clkbuf_0_clk/A (sky130_fd_sc_hd__clkbuf_16)
                  0.03    0.15    0.25 ^ clkbuf_0_clk/X (sky130_fd_sc_hd__clkbuf_16)
     2    0.01                           clknet_0_clk (net)
                  0.03    0.00    0.25 ^ clkbuf_1_0_0_clk/A (sky130_fd_sc_hd__clkbuf_2)
                  0.08    0.13    0.38 ^ clkbuf_1_0_0_clk/X (sky130_fd_sc_hd__clkbuf_2)
     4    0.01                           clknet_1_0_0_clk (net)
                  0.08    0.00    0.38 ^ _1836_/CLK (sky130_fd_sc_hd__dfxtp_1)
                          0.25    0.63   clock uncertainty
                         -0.04    0.60   clock reconvergence pessimism
                         -0.03    0.57   library hold time
                                  0.57   data required time
-----------------------------------------------------------------------------
                                  0.57   data required time
                                 -0.87   data arrival time
-----------------------------------------------------------------------------
                                  0.30   slack (MET)


