
===========================================================================
 report_clock_skew
============================================================================

======================== Slowest Corner ==================================

Clock clk
Latency      CRPR       Skew
_1840_/CLK ^
   2.07
_1784_/CLK ^
   0.60     -0.04       1.43


======================= Typical Corner ===================================

Clock clk
Latency      CRPR       Skew
_1840_/CLK ^
   1.17
_1784_/CLK ^
   0.34     -0.02       0.80


======================= Fastest Corner ===================================

Clock clk
Latency      CRPR       Skew
_1840_/CLK ^
   0.81
_1784_/CLK ^
   0.24     -0.02       0.55

