
===========================================================================
report_checks -path_delay min (Hold)
============================================================================
Startpoint: _04_ (rising edge-triggered flip-flop clocked by clk)
Endpoint: _04_ (rising edge-triggered flip-flop clocked by clk)
Path Group: clk
Path Type: min

Fanout     Cap    Slew   Delay    Time   Description
-----------------------------------------------------------------------------
                  0.15    0.00    0.00   clock clk (rise edge)
                          0.00    0.00   clock network delay (ideal)
                  0.15    0.00    0.00 ^ _04_/CLK (sky130_fd_sc_hd__dfxtp_2)
                  0.05    0.34    0.34 ^ _04_/Q (sky130_fd_sc_hd__dfxtp_2)
     2    0.01                           clok_divider.clk_div (net)
                  0.05    0.01    0.34 ^ _02_/A (sky130_fd_sc_hd__nor2_2)
                  0.02    0.03    0.37 v _02_/Y (sky130_fd_sc_hd__nor2_2)
     1    0.00                           _00_ (net)
                  0.02    0.00    0.38 v _04_/D (sky130_fd_sc_hd__dfxtp_2)
                                  0.38   data arrival time

                  0.15    0.00    0.00   clock clk (rise edge)
                          0.00    0.00   clock network delay (ideal)
                          0.25    0.25   clock uncertainty
                          0.00    0.25   clock reconvergence pessimism
                                  0.25 ^ _04_/CLK (sky130_fd_sc_hd__dfxtp_2)
                         -0.01    0.24   library hold time
                                  0.24   data required time
-----------------------------------------------------------------------------
                                  0.24   data required time
                                 -0.38   data arrival time
-----------------------------------------------------------------------------
                                  0.14   slack (MET)


Startpoint: _05_ (rising edge-triggered flip-flop)
Endpoint: seven_segment_digit (output port clocked by clk)
Path Group: clk
Path Type: min

Fanout     Cap    Slew   Delay    Time   Description
-----------------------------------------------------------------------------
                  0.05    0.00    0.00 ^ _05_/CLK (sky130_fd_sc_hd__dfxtp_2)
                  0.10    0.33    0.33 v _05_/Q (sky130_fd_sc_hd__dfxtp_2)
     2    0.04                           seven_segment_digit (net)
                  0.10    0.00    0.33 v seven_segment_digit (out)
                                  0.33   data arrival time

                  0.15    0.00    0.00   clock clk (rise edge)
                          0.00    0.00   clock network delay (ideal)
                          0.25    0.25   clock uncertainty
                          0.00    0.25   clock reconvergence pessimism
                         -2.00   -1.75   output external delay
                                 -1.75   data required time
-----------------------------------------------------------------------------
                                 -1.75   data required time
                                 -0.33   data arrival time
-----------------------------------------------------------------------------
                                  2.08   slack (MET)


