
===========================================================================
report_checks -unconstrained
============================================================================
Startpoint: _1835_ (rising edge-triggered flip-flop)
Endpoint: seven_segment_out[5] (output port clocked by clk)
Path Group: clk
Path Type: max

Fanout     Cap    Slew   Delay    Time   Description
-----------------------------------------------------------------------------
                  0.57    0.00    0.00 ^ _1835_/CLK (sky130_fd_sc_hd__dfxtp_2)
                  0.22    0.58    0.58 ^ _1835_/Q (sky130_fd_sc_hd__dfxtp_2)
     4    0.04                           seven_segment_digit (net)
                  0.22    0.00    0.59 ^ _1488_/S (sky130_fd_sc_hd__mux2_2)
                  0.06    0.39    0.98 v _1488_/X (sky130_fd_sc_hd__mux2_2)
     3    0.01                           _0749_ (net)
                  0.06    0.00    0.98 v _1489_/A (sky130_fd_sc_hd__buf_1)
                  0.07    0.13    1.11 v _1489_/X (sky130_fd_sc_hd__buf_1)
     5    0.01                           _0750_ (net)
                  0.07    0.00    1.12 v _1504_/A (sky130_fd_sc_hd__or2b_2)
                  0.05    0.31    1.42 v _1504_/X (sky130_fd_sc_hd__or2b_2)
     2    0.00                           _0763_ (net)
                  0.05    0.00    1.42 v _1512_/C (sky130_fd_sc_hd__and3_2)
                  0.04    0.21    1.64 v _1512_/X (sky130_fd_sc_hd__and3_2)
     1    0.00                           _0768_ (net)
                  0.04    0.00    1.64 v _1513_/C1 (sky130_fd_sc_hd__a311o_2)
                  0.05    0.31    1.95 v _1513_/X (sky130_fd_sc_hd__a311o_2)
     1    0.00                           _0769_ (net)
                  0.05    0.00    1.95 v _1514_/B1 (sky130_fd_sc_hd__a31o_2)
                  0.12    0.30    2.25 v _1514_/X (sky130_fd_sc_hd__a31o_2)
     1    0.03                           seven_segment_out[5] (net)
                  0.12    0.00    2.25 v seven_segment_out[5] (out)
                                  2.25   data arrival time

                  0.15   10.00   10.00   clock clk (rise edge)
                          0.00   10.00   clock network delay (ideal)
                         -0.25    9.75   clock uncertainty
                          0.00    9.75   clock reconvergence pessimism
                         -2.00    7.75   output external delay
                                  7.75   data required time
-----------------------------------------------------------------------------
                                  7.75   data required time
                                 -2.25   data arrival time
-----------------------------------------------------------------------------
                                  5.50   slack (MET)



===========================================================================
report_checks --slack_max -0.01
============================================================================
No paths found.
