
===========================================================================
 report_clock_skew
============================================================================

======================== Slowest Corner ==================================

Clock clk
Latency      CRPR       Skew
_04_/CLK ^
   0.02
_04_/CLK ^
   0.02      0.00       0.00


======================= Typical Corner ===================================

Clock clk
Latency      CRPR       Skew
_04_/CLK ^
   0.01
_04_/CLK ^
   0.01      0.00       0.00


======================= Fastest Corner ===================================

Clock clk
Latency      CRPR       Skew
_04_/CLK ^
   0.01
_04_/CLK ^
   0.01      0.00       0.00

