
===========================================================================
report_checks -unconstrained
============================================================================

======================= Slowest Corner ===================================

Startpoint: _05_ (rising edge-triggered flip-flop)
Endpoint: seven_segment_digit (output port clocked by clk)
Path Group: clk
Path Type: max
Corner: ss

Fanout     Cap    Slew   Delay    Time   Description
-----------------------------------------------------------------------------
                  0.11    0.00    0.00 ^ _05_/CLK (sky130_fd_sc_hd__dfxtp_1)
                  0.24    0.81    0.81 ^ _05_/Q (sky130_fd_sc_hd__dfxtp_1)
     2    0.01                           net2 (net)
                  0.24    0.00    0.81 ^ output2/A (sky130_fd_sc_hd__buf_2)
                  0.27    0.44    1.25 ^ output2/X (sky130_fd_sc_hd__buf_2)
     1    0.03                           seven_segment_digit (net)
                  0.27    0.00    1.26 ^ seven_segment_digit (out)
                                  1.26   data arrival time

                         10.00   10.00   clock clk (rise edge)
                          0.00   10.00   clock network delay (propagated)
                         -0.25    9.75   clock uncertainty
                          0.00    9.75   clock reconvergence pessimism
                         -2.00    7.75   output external delay
                                  7.75   data required time
-----------------------------------------------------------------------------
                                  7.75   data required time
                                 -1.26   data arrival time
-----------------------------------------------------------------------------
                                  6.49   slack (MET)



======================= Typical Corner ===================================

Startpoint: _05_ (rising edge-triggered flip-flop)
Endpoint: seven_segment_digit (output port clocked by clk)
Path Group: clk
Path Type: max
Corner: tt

Fanout     Cap    Slew   Delay    Time   Description
-----------------------------------------------------------------------------
                  0.07    0.00    0.00 ^ _05_/CLK (sky130_fd_sc_hd__dfxtp_1)
                  0.15    0.41    0.41 ^ _05_/Q (sky130_fd_sc_hd__dfxtp_1)
     2    0.02                           net2 (net)
                  0.15    0.00    0.41 ^ output2/A (sky130_fd_sc_hd__buf_2)
                  0.17    0.25    0.65 ^ output2/X (sky130_fd_sc_hd__buf_2)
     1    0.03                           seven_segment_digit (net)
                  0.17    0.00    0.66 ^ seven_segment_digit (out)
                                  0.66   data arrival time

                         10.00   10.00   clock clk (rise edge)
                          0.00   10.00   clock network delay (propagated)
                         -0.25    9.75   clock uncertainty
                          0.00    9.75   clock reconvergence pessimism
                         -2.00    7.75   output external delay
                                  7.75   data required time
-----------------------------------------------------------------------------
                                  7.75   data required time
                                 -0.66   data arrival time
-----------------------------------------------------------------------------
                                  7.09   slack (MET)



======================= Fastest Corner ===================================

Startpoint: _05_ (rising edge-triggered flip-flop)
Endpoint: seven_segment_digit (output port clocked by clk)
Path Group: clk
Path Type: max
Corner: ff

Fanout     Cap    Slew   Delay    Time   Description
-----------------------------------------------------------------------------
                  0.05    0.00    0.00 ^ _05_/CLK (sky130_fd_sc_hd__dfxtp_1)
                  0.11    0.26    0.26 ^ _05_/Q (sky130_fd_sc_hd__dfxtp_1)
     2    0.02                           net2 (net)
                  0.11    0.00    0.26 ^ output2/A (sky130_fd_sc_hd__buf_2)
                  0.13    0.17    0.43 ^ output2/X (sky130_fd_sc_hd__buf_2)
     1    0.03                           seven_segment_digit (net)
                  0.13    0.00    0.43 ^ seven_segment_digit (out)
                                  0.43   data arrival time

                         10.00   10.00   clock clk (rise edge)
                          0.00   10.00   clock network delay (propagated)
                         -0.25    9.75   clock uncertainty
                          0.00    9.75   clock reconvergence pessimism
                         -2.00    7.75   output external delay
                                  7.75   data required time
-----------------------------------------------------------------------------
                                  7.75   data required time
                                 -0.43   data arrival time
-----------------------------------------------------------------------------
                                  7.32   slack (MET)



===========================================================================
report_checks --slack_max -0.01
============================================================================

======================= Slowest Corner ===================================

No paths found.

======================= Typical Corner ===================================

No paths found.

======================= Fastest Corner ===================================

No paths found.
