
===========================================================================
 report_power
============================================================================


======================= Slowest Corner =================================

Group                  Internal  Switching    Leakage      Total
                          Power      Power      Power      Power
----------------------------------------------------------------
Sequential             3.73e-06   2.71e-07   2.93e-08   4.03e-06  86.3%
Combinational          2.04e-07   4.10e-07   2.45e-08   6.38e-07  13.7%
Macro                  0.00e+00   0.00e+00   0.00e+00   0.00e+00   0.0%
Pad                    0.00e+00   0.00e+00   0.00e+00   0.00e+00   0.0%
----------------------------------------------------------------
Total                  3.93e-06   6.81e-07   5.38e-08   4.66e-06 100.0%
                          84.3%      14.6%       1.2%

======================= Typical Corner ===================================

Group                  Internal  Switching    Leakage      Total
                          Power      Power      Power      Power
----------------------------------------------------------------
Sequential             4.70e-06   3.47e-07   1.69e-11   5.04e-06  86.7%
Combinational          2.45e-07   5.22e-07   9.02e-09   7.76e-07  13.3%
Macro                  0.00e+00   0.00e+00   0.00e+00   0.00e+00   0.0%
Pad                    0.00e+00   0.00e+00   0.00e+00   0.00e+00   0.0%
----------------------------------------------------------------
Total                  4.94e-06   8.69e-07   9.03e-09   5.82e-06 100.0%
                          84.9%      14.9%       0.2%


======================= Fastest Corner =================================

Group                  Internal  Switching    Leakage      Total
                          Power      Power      Power      Power
----------------------------------------------------------------
Sequential             5.43e-06   4.09e-07   2.90e-11   5.84e-06  86.6%
Combinational          2.76e-07   6.18e-07   9.03e-09   9.03e-07  13.4%
Macro                  0.00e+00   0.00e+00   0.00e+00   0.00e+00   0.0%
Pad                    0.00e+00   0.00e+00   0.00e+00   0.00e+00   0.0%
----------------------------------------------------------------
Total                  5.71e-06   1.03e-06   9.06e-09   6.75e-06 100.0%
                          84.6%      15.2%       0.1%
