Instance name,  X location,  Y location,  Voltage 
PHY_128, 5.4, 187.68, 1.8
PHY_129, 189, 187.68, 1.8
PHY_124, 5.4, 182.24, 1.8
PHY_126, 5.4, 182.24, 1.8
PHY_125, 189, 182.24, 1.8
PHY_127, 189, 182.24, 1.8
PHY_120, 5.4, 176.8, 1.8
PHY_122, 5.4, 176.8, 1.8
PHY_121, 189, 176.8, 1.8
PHY_123, 189, 176.8, 1.8
PHY_116, 5.4, 171.36, 1.8
PHY_118, 5.4, 171.36, 1.8
PHY_117, 189, 171.36, 1.8
PHY_119, 189, 171.36, 1.8
PHY_112, 5.4, 165.92, 1.8
PHY_114, 5.4, 165.92, 1.8
PHY_113, 189, 165.92, 1.8
PHY_115, 189, 165.92, 1.8
PHY_108, 5.4, 160.48, 1.8
PHY_110, 5.4, 160.48, 1.8
PHY_109, 189, 160.48, 1.8
PHY_111, 189, 160.48, 1.8
PHY_104, 5.4, 155.04, 1.8
PHY_106, 5.4, 155.04, 1.8
PHY_105, 189, 155.04, 1.8
PHY_107, 189, 155.04, 1.8
PHY_100, 5.4, 149.6, 1.8
PHY_102, 5.4, 149.6, 1.8
PHY_101, 189, 149.6, 1.8
PHY_103, 189, 149.6, 1.8
PHY_96, 5.4, 144.16, 1.8
PHY_98, 5.4, 144.16, 1.8
PHY_97, 189, 144.16, 1.8
PHY_99, 189, 144.16, 1.8
PHY_92, 5.4, 138.72, 1.8
PHY_94, 5.4, 138.72, 1.8
PHY_93, 189, 138.72, 1.8
PHY_95, 189, 138.72, 1.8
PHY_88, 5.4, 133.28, 1.8
PHY_90, 5.4, 133.28, 1.8
PHY_89, 189, 133.28, 1.8
PHY_91, 189, 133.28, 1.8
PHY_84, 5.4, 127.84, 1.8
PHY_86, 5.4, 127.84, 1.8
PHY_85, 189, 127.84, 1.8
PHY_87, 189, 127.84, 1.8
PHY_80, 5.4, 122.4, 1.8
PHY_82, 5.4, 122.4, 1.8
PHY_81, 189, 122.4, 1.8
PHY_83, 189, 122.4, 1.8
PHY_76, 5.4, 116.96, 1.8
PHY_78, 5.4, 116.96, 1.8
PHY_77, 189, 116.96, 1.8
PHY_79, 189, 116.96, 1.8
PHY_72, 5.4, 111.52, 1.8
PHY_74, 5.4, 111.52, 1.8
PHY_73, 189, 111.52, 1.8
PHY_75, 189, 111.52, 1.8
PHY_68, 5.4, 106.08, 1.8
PHY_70, 5.4, 106.08, 1.8
PHY_69, 189, 106.08, 1.8
PHY_71, 189, 106.08, 1.8
PHY_64, 5.4, 100.64, 1.8
PHY_66, 5.4, 100.64, 1.8
PHY_65, 189, 100.64, 1.8
PHY_67, 189, 100.64, 1.8
PHY_60, 5.4, 95.2, 1.8
PHY_62, 5.4, 95.2, 1.8
PHY_61, 189, 95.2, 1.8
PHY_63, 189, 95.2, 1.8
PHY_56, 5.4, 89.76, 1.8
PHY_58, 5.4, 89.76, 1.8
PHY_57, 189, 89.76, 1.8
PHY_59, 189, 89.76, 1.8
PHY_52, 5.4, 84.32, 1.8
PHY_54, 5.4, 84.32, 1.8
PHY_53, 189, 84.32, 1.8
PHY_55, 189, 84.32, 1.8
PHY_48, 5.4, 78.88, 1.8
PHY_50, 5.4, 78.88, 1.8
PHY_49, 189, 78.88, 1.8
PHY_51, 189, 78.88, 1.8
PHY_44, 5.4, 73.44, 1.8
PHY_46, 5.4, 73.44, 1.8
PHY_45, 189, 73.44, 1.8
PHY_47, 189, 73.44, 1.8
PHY_40, 5.4, 68, 1.8
PHY_42, 5.4, 68, 1.8
PHY_41, 189, 68, 1.8
PHY_43, 189, 68, 1.8
PHY_36, 5.4, 62.56, 1.8
PHY_38, 5.4, 62.56, 1.8
PHY_37, 189, 62.56, 1.8
PHY_39, 189, 62.56, 1.8
PHY_32, 5.4, 57.12, 1.8
PHY_34, 5.4, 57.12, 1.8
PHY_33, 189, 57.12, 1.8
PHY_35, 189, 57.12, 1.8
PHY_28, 5.4, 51.68, 1.8
PHY_30, 5.4, 51.68, 1.8
PHY_29, 189, 51.68, 1.8
PHY_31, 189, 51.68, 1.8
PHY_24, 5.4, 46.24, 1.8
PHY_26, 5.4, 46.24, 1.8
PHY_25, 189, 46.24, 1.8
PHY_27, 189, 46.24, 1.8
PHY_20, 5.4, 40.8, 1.8
PHY_22, 5.4, 40.8, 1.8
PHY_21, 189, 40.8, 1.8
PHY_23, 189, 40.8, 1.8
PHY_16, 5.4, 35.36, 1.8
PHY_18, 5.4, 35.36, 1.8
PHY_17, 189, 35.36, 1.8
PHY_19, 189, 35.36, 1.8
PHY_12, 5.4, 29.92, 1.8
PHY_14, 5.4, 29.92, 1.8
PHY_13, 189, 29.92, 1.8
PHY_15, 189, 29.92, 1.8
PHY_10, 5.4, 24.48, 1.8
PHY_8, 5.4, 24.48, 1.8
PHY_11, 189, 24.48, 1.8
PHY_9, 189, 24.48, 1.8
PHY_4, 5.4, 19.04, 1.8
PHY_6, 5.4, 19.04, 1.8
PHY_5, 189, 19.04, 1.8
PHY_7, 189, 19.04, 1.8
PHY_0, 5.4, 13.6, 1.8
PHY_2, 5.4, 13.6, 1.8
_0875_, 5.4, 13.6, 1.8
_0876_, 5.4, 13.6, 1.8
_0877_, 5.4, 13.6, 1.8
_0878_, 5.4, 13.6, 1.8
_0879_, 5.4, 13.6, 1.8
_0880_, 5.4, 13.6, 1.8
_0881_, 5.4, 13.6, 1.8
_0882_, 5.4, 13.6, 1.8
_0883_, 5.4, 13.6, 1.8
_0884_, 5.4, 13.6, 1.8
_0885_, 5.4, 13.6, 1.8
_0886_, 5.4, 13.6, 1.8
_0887_, 5.4, 13.6, 1.8
_0888_, 5.4, 13.6, 1.8
_0889_, 5.4, 13.6, 1.8
_0890_, 5.4, 13.6, 1.8
_0891_, 5.4, 13.6, 1.8
_0892_, 5.4, 13.6, 1.8
_0893_, 5.4, 13.6, 1.8
_0894_, 5.4, 13.6, 1.8
_0895_, 5.4, 13.6, 1.8
_0896_, 5.4, 13.6, 1.8
_0897_, 5.4, 13.6, 1.8
_0898_, 5.4, 13.6, 1.8
_0899_, 5.4, 13.6, 1.8
_0900_, 5.4, 13.6, 1.8
_0901_, 5.4, 13.6, 1.8
_0902_, 5.4, 13.6, 1.8
_0903_, 5.4, 13.6, 1.8
_0904_, 5.4, 13.6, 1.8
_0905_, 5.4, 13.6, 1.8
_0906_, 5.4, 13.6, 1.8
_0907_, 5.4, 13.6, 1.8
_0908_, 5.4, 13.6, 1.8
_0909_, 5.4, 13.6, 1.8
_0910_, 5.4, 13.6, 1.8
_0911_, 5.4, 13.6, 1.8
_0912_, 5.4, 13.6, 1.8
_0913_, 5.4, 13.6, 1.8
_0914_, 5.4, 13.6, 1.8
_0915_, 5.4, 13.6, 1.8
_0916_, 5.4, 13.6, 1.8
_0917_, 5.4, 13.6, 1.8
_0918_, 5.4, 13.6, 1.8
_0919_, 5.4, 13.6, 1.8
_0920_, 5.4, 13.6, 1.8
_0921_, 5.4, 13.6, 1.8
_0922_, 5.4, 13.6, 1.8
_0923_, 5.4, 13.6, 1.8
_0924_, 5.4, 13.6, 1.8
_0925_, 5.4, 13.6, 1.8
_0926_, 5.4, 13.6, 1.8
_0927_, 5.4, 13.6, 1.8
_0928_, 5.4, 13.6, 1.8
_0929_, 5.4, 13.6, 1.8
_0930_, 5.4, 13.6, 1.8
_0931_, 5.4, 13.6, 1.8
_0932_, 5.4, 13.6, 1.8
_0933_, 5.4, 13.6, 1.8
_0934_, 5.4, 13.6, 1.8
_0935_, 5.4, 13.6, 1.8
_0936_, 5.4, 13.6, 1.8
_0937_, 5.4, 13.6, 1.8
_0938_, 5.4, 13.6, 1.8
_0939_, 5.4, 13.6, 1.8
_0940_, 5.4, 13.6, 1.8
_0941_, 5.4, 13.6, 1.8
_0942_, 5.4, 13.6, 1.8
_0943_, 5.4, 13.6, 1.8
_0944_, 5.4, 13.6, 1.8
_0945_, 5.4, 13.6, 1.8
_0946_, 5.4, 13.6, 1.8
_0947_, 5.4, 13.6, 1.8
_0948_, 5.4, 13.6, 1.8
_0949_, 5.4, 13.6, 1.8
_0950_, 5.4, 13.6, 1.8
_0951_, 5.4, 13.6, 1.8
_0952_, 5.4, 13.6, 1.8
_0953_, 5.4, 13.6, 1.8
_0954_, 5.4, 13.6, 1.8
_0955_, 5.4, 13.6, 1.8
_0956_, 5.4, 13.6, 1.8
_0957_, 5.4, 13.6, 1.8
_0958_, 5.4, 13.6, 1.8
_0959_, 5.4, 13.6, 1.8
_0960_, 5.4, 13.6, 1.8
_0961_, 5.4, 13.6, 1.8
_0962_, 5.4, 13.6, 1.8
_0963_, 5.4, 13.6, 1.8
_0964_, 5.4, 13.6, 1.8
_0965_, 5.4, 13.6, 1.8
_0966_, 5.4, 13.6, 1.8
_0967_, 5.4, 13.6, 1.8
_0968_, 5.4, 13.6, 1.8
_0969_, 5.4, 13.6, 1.8
_0970_, 5.4, 13.6, 1.8
_0971_, 5.4, 13.6, 1.8
_0972_, 5.4, 13.6, 1.8
_0973_, 5.4, 13.6, 1.8
_0974_, 5.4, 13.6, 1.8
_0975_, 5.4, 13.6, 1.8
_0976_, 5.4, 13.6, 1.8
_0977_, 5.4, 13.6, 1.8
_0978_, 5.4, 13.6, 1.8
_0979_, 5.4, 13.6, 1.8
_0980_, 5.4, 13.6, 1.8
_0981_, 5.4, 13.6, 1.8
_0982_, 5.4, 13.6, 1.8
_0983_, 5.4, 13.6, 1.8
_0984_, 5.4, 13.6, 1.8
_0985_, 5.4, 13.6, 1.8
_0986_, 5.4, 13.6, 1.8
_0987_, 5.4, 13.6, 1.8
_0988_, 5.4, 13.6, 1.8
_0989_, 5.4, 13.6, 1.8
_0990_, 5.4, 13.6, 1.8
_0991_, 5.4, 13.6, 1.8
_0992_, 5.4, 13.6, 1.8
_0993_, 5.4, 13.6, 1.8
_0994_, 5.4, 13.6, 1.8
_0995_, 5.4, 13.6, 1.8
_0996_, 5.4, 13.6, 1.8
_0997_, 5.4, 13.6, 1.8
_0998_, 5.4, 13.6, 1.8
_0999_, 5.4, 13.6, 1.8
_1000_, 5.4, 13.6, 1.8
_1001_, 5.4, 13.6, 1.8
_1002_, 5.4, 13.6, 1.8
_1003_, 5.4, 13.6, 1.8
_1004_, 5.4, 13.6, 1.8
_1005_, 5.4, 13.6, 1.8
_1006_, 5.4, 13.6, 1.8
_1007_, 5.4, 13.6, 1.8
_1008_, 5.4, 13.6, 1.8
_1009_, 5.4, 13.6, 1.8
_1010_, 5.4, 13.6, 1.8
_1011_, 5.4, 13.6, 1.8
_1012_, 5.4, 13.6, 1.8
_1013_, 5.4, 13.6, 1.8
_1014_, 5.4, 13.6, 1.8
_1015_, 5.4, 13.6, 1.8
_1016_, 5.4, 13.6, 1.8
_1017_, 5.4, 13.6, 1.8
_1018_, 5.4, 13.6, 1.8
_1019_, 5.4, 13.6, 1.8
_1020_, 5.4, 13.6, 1.8
_1021_, 5.4, 13.6, 1.8
_1022_, 5.4, 13.6, 1.8
_1023_, 5.4, 13.6, 1.8
_1024_, 5.4, 13.6, 1.8
_1025_, 5.4, 13.6, 1.8
_1026_, 5.4, 13.6, 1.8
_1027_, 5.4, 13.6, 1.8
_1028_, 5.4, 13.6, 1.8
_1029_, 5.4, 13.6, 1.8
_1030_, 5.4, 13.6, 1.8
_1031_, 5.4, 13.6, 1.8
_1032_, 5.4, 13.6, 1.8
_1033_, 5.4, 13.6, 1.8
_1034_, 5.4, 13.6, 1.8
_1035_, 5.4, 13.6, 1.8
_1036_, 5.4, 13.6, 1.8
_1037_, 5.4, 13.6, 1.8
_1038_, 5.4, 13.6, 1.8
_1039_, 5.4, 13.6, 1.8
_1040_, 5.4, 13.6, 1.8
_1041_, 5.4, 13.6, 1.8
_1042_, 5.4, 13.6, 1.8
_1043_, 5.4, 13.6, 1.8
_1044_, 5.4, 13.6, 1.8
_1045_, 5.4, 13.6, 1.8
_1046_, 5.4, 13.6, 1.8
_1047_, 5.4, 13.6, 1.8
_1048_, 5.4, 13.6, 1.8
_1049_, 5.4, 13.6, 1.8
_1050_, 5.4, 13.6, 1.8
_1051_, 5.4, 13.6, 1.8
_1052_, 5.4, 13.6, 1.8
_1053_, 5.4, 13.6, 1.8
_1054_, 5.4, 13.6, 1.8
_1055_, 5.4, 13.6, 1.8
_1056_, 5.4, 13.6, 1.8
_1057_, 5.4, 13.6, 1.8
_1058_, 5.4, 13.6, 1.8
_1059_, 5.4, 13.6, 1.8
_1060_, 5.4, 13.6, 1.8
_1061_, 5.4, 13.6, 1.8
_1062_, 5.4, 13.6, 1.8
_1063_, 5.4, 13.6, 1.8
_1064_, 5.4, 13.6, 1.8
_1065_, 5.4, 13.6, 1.8
_1066_, 5.4, 13.6, 1.8
_1067_, 5.4, 13.6, 1.8
_1068_, 5.4, 13.6, 1.8
_1069_, 5.4, 13.6, 1.8
_1070_, 5.4, 13.6, 1.8
_1071_, 5.4, 13.6, 1.8
_1072_, 5.4, 13.6, 1.8
_1073_, 5.4, 13.6, 1.8
_1074_, 5.4, 13.6, 1.8
_1075_, 5.4, 13.6, 1.8
_1076_, 5.4, 13.6, 1.8
_1077_, 5.4, 13.6, 1.8
_1078_, 5.4, 13.6, 1.8
_1079_, 5.4, 13.6, 1.8
_1080_, 5.4, 13.6, 1.8
_1081_, 5.4, 13.6, 1.8
_1082_, 5.4, 13.6, 1.8
_1083_, 5.4, 13.6, 1.8
_1084_, 5.4, 13.6, 1.8
_1085_, 5.4, 13.6, 1.8
_1086_, 5.4, 13.6, 1.8
_1087_, 5.4, 13.6, 1.8
_1088_, 5.4, 13.6, 1.8
_1089_, 5.4, 13.6, 1.8
_1090_, 5.4, 13.6, 1.8
_1091_, 5.4, 13.6, 1.8
_1092_, 5.4, 13.6, 1.8
_1093_, 5.4, 13.6, 1.8
_1094_, 5.4, 13.6, 1.8
_1095_, 5.4, 13.6, 1.8
_1096_, 5.4, 13.6, 1.8
_1097_, 5.4, 13.6, 1.8
_1098_, 5.4, 13.6, 1.8
_1099_, 5.4, 13.6, 1.8
_1100_, 5.4, 13.6, 1.8
_1101_, 5.4, 13.6, 1.8
_1102_, 5.4, 13.6, 1.8
_1103_, 5.4, 13.6, 1.8
_1104_, 5.4, 13.6, 1.8
_1105_, 5.4, 13.6, 1.8
_1106_, 5.4, 13.6, 1.8
_1107_, 5.4, 13.6, 1.8
_1108_, 5.4, 13.6, 1.8
_1109_, 5.4, 13.6, 1.8
_1110_, 5.4, 13.6, 1.8
_1111_, 5.4, 13.6, 1.8
_1112_, 5.4, 13.6, 1.8
_1113_, 5.4, 13.6, 1.8
_1114_, 5.4, 13.6, 1.8
_1115_, 5.4, 13.6, 1.8
_1116_, 5.4, 13.6, 1.8
_1117_, 5.4, 13.6, 1.8
_1118_, 5.4, 13.6, 1.8
_1119_, 5.4, 13.6, 1.8
_1120_, 5.4, 13.6, 1.8
_1121_, 5.4, 13.6, 1.8
_1122_, 5.4, 13.6, 1.8
_1123_, 5.4, 13.6, 1.8
_1124_, 5.4, 13.6, 1.8
_1125_, 5.4, 13.6, 1.8
_1126_, 5.4, 13.6, 1.8
_1127_, 5.4, 13.6, 1.8
_1128_, 5.4, 13.6, 1.8
_1129_, 5.4, 13.6, 1.8
_1130_, 5.4, 13.6, 1.8
_1131_, 5.4, 13.6, 1.8
_1132_, 5.4, 13.6, 1.8
_1133_, 5.4, 13.6, 1.8
_1134_, 5.4, 13.6, 1.8
_1135_, 5.4, 13.6, 1.8
_1136_, 5.4, 13.6, 1.8
_1137_, 5.4, 13.6, 1.8
_1138_, 5.4, 13.6, 1.8
_1139_, 5.4, 13.6, 1.8
_1140_, 5.4, 13.6, 1.8
_1141_, 5.4, 13.6, 1.8
_1142_, 5.4, 13.6, 1.8
_1143_, 5.4, 13.6, 1.8
_1144_, 5.4, 13.6, 1.8
_1145_, 5.4, 13.6, 1.8
_1146_, 5.4, 13.6, 1.8
_1147_, 5.4, 13.6, 1.8
_1148_, 5.4, 13.6, 1.8
_1149_, 5.4, 13.6, 1.8
_1150_, 5.4, 13.6, 1.8
_1151_, 5.4, 13.6, 1.8
_1152_, 5.4, 13.6, 1.8
_1153_, 5.4, 13.6, 1.8
_1154_, 5.4, 13.6, 1.8
_1155_, 5.4, 13.6, 1.8
_1156_, 5.4, 13.6, 1.8
_1157_, 5.4, 13.6, 1.8
_1158_, 5.4, 13.6, 1.8
_1159_, 5.4, 13.6, 1.8
_1160_, 5.4, 13.6, 1.8
_1161_, 5.4, 13.6, 1.8
_1162_, 5.4, 13.6, 1.8
_1163_, 5.4, 13.6, 1.8
_1164_, 5.4, 13.6, 1.8
_1165_, 5.4, 13.6, 1.8
_1166_, 5.4, 13.6, 1.8
_1167_, 5.4, 13.6, 1.8
_1168_, 5.4, 13.6, 1.8
_1169_, 5.4, 13.6, 1.8
_1170_, 5.4, 13.6, 1.8
_1171_, 5.4, 13.6, 1.8
_1172_, 5.4, 13.6, 1.8
_1173_, 5.4, 13.6, 1.8
_1174_, 5.4, 13.6, 1.8
_1175_, 5.4, 13.6, 1.8
_1176_, 5.4, 13.6, 1.8
_1177_, 5.4, 13.6, 1.8
_1178_, 5.4, 13.6, 1.8
_1179_, 5.4, 13.6, 1.8
_1180_, 5.4, 13.6, 1.8
_1181_, 5.4, 13.6, 1.8
_1182_, 5.4, 13.6, 1.8
_1183_, 5.4, 13.6, 1.8
_1184_, 5.4, 13.6, 1.8
_1185_, 5.4, 13.6, 1.8
_1186_, 5.4, 13.6, 1.8
_1187_, 5.4, 13.6, 1.8
_1188_, 5.4, 13.6, 1.8
_1189_, 5.4, 13.6, 1.8
_1190_, 5.4, 13.6, 1.8
_1191_, 5.4, 13.6, 1.8
_1192_, 5.4, 13.6, 1.8
_1193_, 5.4, 13.6, 1.8
_1194_, 5.4, 13.6, 1.8
_1195_, 5.4, 13.6, 1.8
_1196_, 5.4, 13.6, 1.8
_1197_, 5.4, 13.6, 1.8
_1198_, 5.4, 13.6, 1.8
_1199_, 5.4, 13.6, 1.8
_1200_, 5.4, 13.6, 1.8
_1201_, 5.4, 13.6, 1.8
_1202_, 5.4, 13.6, 1.8
_1203_, 5.4, 13.6, 1.8
_1204_, 5.4, 13.6, 1.8
_1205_, 5.4, 13.6, 1.8
_1206_, 5.4, 13.6, 1.8
_1207_, 5.4, 13.6, 1.8
_1208_, 5.4, 13.6, 1.8
_1209_, 5.4, 13.6, 1.8
_1210_, 5.4, 13.6, 1.8
_1211_, 5.4, 13.6, 1.8
_1212_, 5.4, 13.6, 1.8
_1213_, 5.4, 13.6, 1.8
_1214_, 5.4, 13.6, 1.8
_1215_, 5.4, 13.6, 1.8
_1216_, 5.4, 13.6, 1.8
_1217_, 5.4, 13.6, 1.8
_1218_, 5.4, 13.6, 1.8
_1219_, 5.4, 13.6, 1.8
_1220_, 5.4, 13.6, 1.8
_1221_, 5.4, 13.6, 1.8
_1222_, 5.4, 13.6, 1.8
_1223_, 5.4, 13.6, 1.8
_1224_, 5.4, 13.6, 1.8
_1225_, 5.4, 13.6, 1.8
_1226_, 5.4, 13.6, 1.8
_1227_, 5.4, 13.6, 1.8
_1228_, 5.4, 13.6, 1.8
_1229_, 5.4, 13.6, 1.8
_1230_, 5.4, 13.6, 1.8
_1231_, 5.4, 13.6, 1.8
_1232_, 5.4, 13.6, 1.8
_1233_, 5.4, 13.6, 1.8
_1234_, 5.4, 13.6, 1.8
_1235_, 5.4, 13.6, 1.8
_1236_, 5.4, 13.6, 1.8
_1237_, 5.4, 13.6, 1.8
_1238_, 5.4, 13.6, 1.8
_1239_, 5.4, 13.6, 1.8
_1240_, 5.4, 13.6, 1.8
_1241_, 5.4, 13.6, 1.8
_1242_, 5.4, 13.6, 1.8
_1243_, 5.4, 13.6, 1.8
_1244_, 5.4, 13.6, 1.8
_1245_, 5.4, 13.6, 1.8
_1246_, 5.4, 13.6, 1.8
_1247_, 5.4, 13.6, 1.8
_1248_, 5.4, 13.6, 1.8
_1249_, 5.4, 13.6, 1.8
_1250_, 5.4, 13.6, 1.8
_1251_, 5.4, 13.6, 1.8
_1252_, 5.4, 13.6, 1.8
_1253_, 5.4, 13.6, 1.8
_1254_, 5.4, 13.6, 1.8
_1255_, 5.4, 13.6, 1.8
_1256_, 5.4, 13.6, 1.8
_1257_, 5.4, 13.6, 1.8
_1258_, 5.4, 13.6, 1.8
_1259_, 5.4, 13.6, 1.8
_1260_, 5.4, 13.6, 1.8
_1261_, 5.4, 13.6, 1.8
_1262_, 5.4, 13.6, 1.8
_1263_, 5.4, 13.6, 1.8
_1264_, 5.4, 13.6, 1.8
_1265_, 5.4, 13.6, 1.8
_1266_, 5.4, 13.6, 1.8
_1267_, 5.4, 13.6, 1.8
_1268_, 5.4, 13.6, 1.8
_1269_, 5.4, 13.6, 1.8
_1270_, 5.4, 13.6, 1.8
_1271_, 5.4, 13.6, 1.8
_1272_, 5.4, 13.6, 1.8
_1273_, 5.4, 13.6, 1.8
_1274_, 5.4, 13.6, 1.8
_1275_, 5.4, 13.6, 1.8
_1276_, 5.4, 13.6, 1.8
_1277_, 5.4, 13.6, 1.8
_1278_, 5.4, 13.6, 1.8
_1279_, 5.4, 13.6, 1.8
_1280_, 5.4, 13.6, 1.8
_1281_, 5.4, 13.6, 1.8
_1282_, 5.4, 13.6, 1.8
_1283_, 5.4, 13.6, 1.8
_1284_, 5.4, 13.6, 1.8
_1285_, 5.4, 13.6, 1.8
_1286_, 5.4, 13.6, 1.8
_1287_, 5.4, 13.6, 1.8
_1288_, 5.4, 13.6, 1.8
_1289_, 5.4, 13.6, 1.8
_1290_, 5.4, 13.6, 1.8
_1291_, 5.4, 13.6, 1.8
_1292_, 5.4, 13.6, 1.8
_1293_, 5.4, 13.6, 1.8
_1294_, 5.4, 13.6, 1.8
_1295_, 5.4, 13.6, 1.8
_1296_, 5.4, 13.6, 1.8
_1297_, 5.4, 13.6, 1.8
_1298_, 5.4, 13.6, 1.8
_1299_, 5.4, 13.6, 1.8
_1300_, 5.4, 13.6, 1.8
_1301_, 5.4, 13.6, 1.8
_1302_, 5.4, 13.6, 1.8
_1303_, 5.4, 13.6, 1.8
_1304_, 5.4, 13.6, 1.8
_1305_, 5.4, 13.6, 1.8
_1306_, 5.4, 13.6, 1.8
_1307_, 5.4, 13.6, 1.8
_1308_, 5.4, 13.6, 1.8
_1309_, 5.4, 13.6, 1.8
_1310_, 5.4, 13.6, 1.8
_1311_, 5.4, 13.6, 1.8
_1312_, 5.4, 13.6, 1.8
_1313_, 5.4, 13.6, 1.8
_1314_, 5.4, 13.6, 1.8
_1315_, 5.4, 13.6, 1.8
_1316_, 5.4, 13.6, 1.8
_1317_, 5.4, 13.6, 1.8
_1318_, 5.4, 13.6, 1.8
_1319_, 5.4, 13.6, 1.8
_1320_, 5.4, 13.6, 1.8
_1321_, 5.4, 13.6, 1.8
_1322_, 5.4, 13.6, 1.8
_1323_, 5.4, 13.6, 1.8
_1324_, 5.4, 13.6, 1.8
_1325_, 5.4, 13.6, 1.8
_1326_, 5.4, 13.6, 1.8
_1327_, 5.4, 13.6, 1.8
_1328_, 5.4, 13.6, 1.8
_1329_, 5.4, 13.6, 1.8
_1330_, 5.4, 13.6, 1.8
_1331_, 5.4, 13.6, 1.8
_1332_, 5.4, 13.6, 1.8
_1333_, 5.4, 13.6, 1.8
_1334_, 5.4, 13.6, 1.8
_1335_, 5.4, 13.6, 1.8
_1336_, 5.4, 13.6, 1.8
_1337_, 5.4, 13.6, 1.8
_1338_, 5.4, 13.6, 1.8
_1339_, 5.4, 13.6, 1.8
_1340_, 5.4, 13.6, 1.8
_1341_, 5.4, 13.6, 1.8
_1342_, 5.4, 13.6, 1.8
_1343_, 5.4, 13.6, 1.8
_1344_, 5.4, 13.6, 1.8
_1345_, 5.4, 13.6, 1.8
_1346_, 5.4, 13.6, 1.8
_1347_, 5.4, 13.6, 1.8
_1348_, 5.4, 13.6, 1.8
_1349_, 5.4, 13.6, 1.8
_1350_, 5.4, 13.6, 1.8
_1351_, 5.4, 13.6, 1.8
_1352_, 5.4, 13.6, 1.8
_1353_, 5.4, 13.6, 1.8
_1354_, 5.4, 13.6, 1.8
_1355_, 5.4, 13.6, 1.8
_1356_, 5.4, 13.6, 1.8
_1357_, 5.4, 13.6, 1.8
_1358_, 5.4, 13.6, 1.8
_1359_, 5.4, 13.6, 1.8
_1360_, 5.4, 13.6, 1.8
_1361_, 5.4, 13.6, 1.8
_1362_, 5.4, 13.6, 1.8
_1363_, 5.4, 13.6, 1.8
_1364_, 5.4, 13.6, 1.8
_1365_, 5.4, 13.6, 1.8
_1366_, 5.4, 13.6, 1.8
_1367_, 5.4, 13.6, 1.8
_1368_, 5.4, 13.6, 1.8
_1369_, 5.4, 13.6, 1.8
_1370_, 5.4, 13.6, 1.8
_1371_, 5.4, 13.6, 1.8
_1372_, 5.4, 13.6, 1.8
_1373_, 5.4, 13.6, 1.8
_1374_, 5.4, 13.6, 1.8
_1375_, 5.4, 13.6, 1.8
_1376_, 5.4, 13.6, 1.8
_1377_, 5.4, 13.6, 1.8
_1378_, 5.4, 13.6, 1.8
_1379_, 5.4, 13.6, 1.8
_1380_, 5.4, 13.6, 1.8
_1381_, 5.4, 13.6, 1.8
_1382_, 5.4, 13.6, 1.8
_1383_, 5.4, 13.6, 1.8
_1384_, 5.4, 13.6, 1.8
_1385_, 5.4, 13.6, 1.8
_1386_, 5.4, 13.6, 1.8
_1387_, 5.4, 13.6, 1.8
_1388_, 5.4, 13.6, 1.8
_1389_, 5.4, 13.6, 1.8
_1390_, 5.4, 13.6, 1.8
_1391_, 5.4, 13.6, 1.8
_1392_, 5.4, 13.6, 1.8
_1393_, 5.4, 13.6, 1.8
_1394_, 5.4, 13.6, 1.8
_1395_, 5.4, 13.6, 1.8
_1396_, 5.4, 13.6, 1.8
_1397_, 5.4, 13.6, 1.8
_1398_, 5.4, 13.6, 1.8
_1399_, 5.4, 13.6, 1.8
_1400_, 5.4, 13.6, 1.8
_1401_, 5.4, 13.6, 1.8
_1402_, 5.4, 13.6, 1.8
_1403_, 5.4, 13.6, 1.8
_1404_, 5.4, 13.6, 1.8
_1405_, 5.4, 13.6, 1.8
_1406_, 5.4, 13.6, 1.8
_1407_, 5.4, 13.6, 1.8
_1408_, 5.4, 13.6, 1.8
_1409_, 5.4, 13.6, 1.8
_1410_, 5.4, 13.6, 1.8
_1411_, 5.4, 13.6, 1.8
_1412_, 5.4, 13.6, 1.8
_1413_, 5.4, 13.6, 1.8
_1414_, 5.4, 13.6, 1.8
_1415_, 5.4, 13.6, 1.8
_1416_, 5.4, 13.6, 1.8
_1417_, 5.4, 13.6, 1.8
_1418_, 5.4, 13.6, 1.8
_1419_, 5.4, 13.6, 1.8
_1420_, 5.4, 13.6, 1.8
_1421_, 5.4, 13.6, 1.8
_1422_, 5.4, 13.6, 1.8
_1423_, 5.4, 13.6, 1.8
_1424_, 5.4, 13.6, 1.8
_1425_, 5.4, 13.6, 1.8
_1426_, 5.4, 13.6, 1.8
_1427_, 5.4, 13.6, 1.8
_1428_, 5.4, 13.6, 1.8
_1429_, 5.4, 13.6, 1.8
_1430_, 5.4, 13.6, 1.8
_1431_, 5.4, 13.6, 1.8
_1432_, 5.4, 13.6, 1.8
_1433_, 5.4, 13.6, 1.8
_1434_, 5.4, 13.6, 1.8
_1435_, 5.4, 13.6, 1.8
_1436_, 5.4, 13.6, 1.8
_1437_, 5.4, 13.6, 1.8
_1438_, 5.4, 13.6, 1.8
_1439_, 5.4, 13.6, 1.8
_1440_, 5.4, 13.6, 1.8
_1441_, 5.4, 13.6, 1.8
_1442_, 5.4, 13.6, 1.8
_1443_, 5.4, 13.6, 1.8
_1444_, 5.4, 13.6, 1.8
_1445_, 5.4, 13.6, 1.8
_1446_, 5.4, 13.6, 1.8
_1447_, 5.4, 13.6, 1.8
_1448_, 5.4, 13.6, 1.8
_1449_, 5.4, 13.6, 1.8
_1450_, 5.4, 13.6, 1.8
_1451_, 5.4, 13.6, 1.8
_1452_, 5.4, 13.6, 1.8
_1453_, 5.4, 13.6, 1.8
_1454_, 5.4, 13.6, 1.8
_1455_, 5.4, 13.6, 1.8
_1456_, 5.4, 13.6, 1.8
_1457_, 5.4, 13.6, 1.8
_1458_, 5.4, 13.6, 1.8
_1459_, 5.4, 13.6, 1.8
_1460_, 5.4, 13.6, 1.8
_1461_, 5.4, 13.6, 1.8
_1462_, 5.4, 13.6, 1.8
_1463_, 5.4, 13.6, 1.8
_1464_, 5.4, 13.6, 1.8
_1465_, 5.4, 13.6, 1.8
_1466_, 5.4, 13.6, 1.8
_1467_, 5.4, 13.6, 1.8
_1468_, 5.4, 13.6, 1.8
_1469_, 5.4, 13.6, 1.8
_1470_, 5.4, 13.6, 1.8
_1471_, 5.4, 13.6, 1.8
_1472_, 5.4, 13.6, 1.8
_1473_, 5.4, 13.6, 1.8
_1474_, 5.4, 13.6, 1.8
_1475_, 5.4, 13.6, 1.8
_1476_, 5.4, 13.6, 1.8
_1477_, 5.4, 13.6, 1.8
_1478_, 5.4, 13.6, 1.8
_1479_, 5.4, 13.6, 1.8
_1480_, 5.4, 13.6, 1.8
_1481_, 5.4, 13.6, 1.8
_1482_, 5.4, 13.6, 1.8
_1483_, 5.4, 13.6, 1.8
_1484_, 5.4, 13.6, 1.8
_1485_, 5.4, 13.6, 1.8
_1486_, 5.4, 13.6, 1.8
_1487_, 5.4, 13.6, 1.8
_1488_, 5.4, 13.6, 1.8
_1489_, 5.4, 13.6, 1.8
_1490_, 5.4, 13.6, 1.8
_1491_, 5.4, 13.6, 1.8
_1492_, 5.4, 13.6, 1.8
_1493_, 5.4, 13.6, 1.8
_1494_, 5.4, 13.6, 1.8
_1495_, 5.4, 13.6, 1.8
_1496_, 5.4, 13.6, 1.8
_1497_, 5.4, 13.6, 1.8
_1498_, 5.4, 13.6, 1.8
_1499_, 5.4, 13.6, 1.8
_1500_, 5.4, 13.6, 1.8
_1501_, 5.4, 13.6, 1.8
_1502_, 5.4, 13.6, 1.8
_1503_, 5.4, 13.6, 1.8
_1504_, 5.4, 13.6, 1.8
_1505_, 5.4, 13.6, 1.8
_1506_, 5.4, 13.6, 1.8
_1507_, 5.4, 13.6, 1.8
_1508_, 5.4, 13.6, 1.8
_1509_, 5.4, 13.6, 1.8
_1510_, 5.4, 13.6, 1.8
_1511_, 5.4, 13.6, 1.8
_1512_, 5.4, 13.6, 1.8
_1513_, 5.4, 13.6, 1.8
_1514_, 5.4, 13.6, 1.8
_1515_, 5.4, 13.6, 1.8
_1516_, 5.4, 13.6, 1.8
_1517_, 5.4, 13.6, 1.8
_1518_, 5.4, 13.6, 1.8
_1519_, 5.4, 13.6, 1.8
_1520_, 5.4, 13.6, 1.8
_1521_, 5.4, 13.6, 1.8
_1522_, 5.4, 13.6, 1.8
_1523_, 5.4, 13.6, 1.8
_1524_, 5.4, 13.6, 1.8
_1525_, 5.4, 13.6, 1.8
_1526_, 5.4, 13.6, 1.8
_1527_, 5.4, 13.6, 1.8
_1528_, 5.4, 13.6, 1.8
_1529_, 5.4, 13.6, 1.8
_1530_, 5.4, 13.6, 1.8
_1531_, 5.4, 13.6, 1.8
_1532_, 5.4, 13.6, 1.8
_1533_, 5.4, 13.6, 1.8
_1534_, 5.4, 13.6, 1.8
_1535_, 5.4, 13.6, 1.8
_1536_, 5.4, 13.6, 1.8
_1537_, 5.4, 13.6, 1.8
_1538_, 5.4, 13.6, 1.8
_1539_, 5.4, 13.6, 1.8
_1540_, 5.4, 13.6, 1.8
_1541_, 5.4, 13.6, 1.8
_1542_, 5.4, 13.6, 1.8
_1543_, 5.4, 13.6, 1.8
_1544_, 5.4, 13.6, 1.8
_1545_, 5.4, 13.6, 1.8
_1546_, 5.4, 13.6, 1.8
_1547_, 5.4, 13.6, 1.8
_1548_, 5.4, 13.6, 1.8
_1549_, 5.4, 13.6, 1.8
_1550_, 5.4, 13.6, 1.8
_1551_, 5.4, 13.6, 1.8
_1552_, 5.4, 13.6, 1.8
_1553_, 5.4, 13.6, 1.8
_1554_, 5.4, 13.6, 1.8
_1555_, 5.4, 13.6, 1.8
_1556_, 5.4, 13.6, 1.8
_1557_, 5.4, 13.6, 1.8
_1558_, 5.4, 13.6, 1.8
_1559_, 5.4, 13.6, 1.8
_1560_, 5.4, 13.6, 1.8
_1561_, 5.4, 13.6, 1.8
_1562_, 5.4, 13.6, 1.8
_1563_, 5.4, 13.6, 1.8
_1564_, 5.4, 13.6, 1.8
_1565_, 5.4, 13.6, 1.8
_1566_, 5.4, 13.6, 1.8
_1567_, 5.4, 13.6, 1.8
_1568_, 5.4, 13.6, 1.8
_1569_, 5.4, 13.6, 1.8
_1570_, 5.4, 13.6, 1.8
_1571_, 5.4, 13.6, 1.8
_1572_, 5.4, 13.6, 1.8
_1573_, 5.4, 13.6, 1.8
_1574_, 5.4, 13.6, 1.8
_1575_, 5.4, 13.6, 1.8
_1576_, 5.4, 13.6, 1.8
_1577_, 5.4, 13.6, 1.8
_1578_, 5.4, 13.6, 1.8
_1579_, 5.4, 13.6, 1.8
_1580_, 5.4, 13.6, 1.8
_1581_, 5.4, 13.6, 1.8
_1582_, 5.4, 13.6, 1.8
_1583_, 5.4, 13.6, 1.8
_1584_, 5.4, 13.6, 1.8
_1585_, 5.4, 13.6, 1.8
_1586_, 5.4, 13.6, 1.8
_1587_, 5.4, 13.6, 1.8
_1588_, 5.4, 13.6, 1.8
_1589_, 5.4, 13.6, 1.8
_1590_, 5.4, 13.6, 1.8
_1591_, 5.4, 13.6, 1.8
_1592_, 5.4, 13.6, 1.8
_1593_, 5.4, 13.6, 1.8
_1594_, 5.4, 13.6, 1.8
_1595_, 5.4, 13.6, 1.8
_1596_, 5.4, 13.6, 1.8
_1597_, 5.4, 13.6, 1.8
_1598_, 5.4, 13.6, 1.8
_1599_, 5.4, 13.6, 1.8
_1600_, 5.4, 13.6, 1.8
_1601_, 5.4, 13.6, 1.8
_1602_, 5.4, 13.6, 1.8
_1603_, 5.4, 13.6, 1.8
_1604_, 5.4, 13.6, 1.8
_1605_, 5.4, 13.6, 1.8
_1606_, 5.4, 13.6, 1.8
_1607_, 5.4, 13.6, 1.8
_1608_, 5.4, 13.6, 1.8
_1609_, 5.4, 13.6, 1.8
_1610_, 5.4, 13.6, 1.8
_1611_, 5.4, 13.6, 1.8
_1612_, 5.4, 13.6, 1.8
_1613_, 5.4, 13.6, 1.8
_1614_, 5.4, 13.6, 1.8
_1615_, 5.4, 13.6, 1.8
_1616_, 5.4, 13.6, 1.8
_1617_, 5.4, 13.6, 1.8
_1618_, 5.4, 13.6, 1.8
_1619_, 5.4, 13.6, 1.8
_1620_, 5.4, 13.6, 1.8
_1621_, 5.4, 13.6, 1.8
_1622_, 5.4, 13.6, 1.8
_1623_, 5.4, 13.6, 1.8
_1624_, 5.4, 13.6, 1.8
_1625_, 5.4, 13.6, 1.8
_1626_, 5.4, 13.6, 1.8
_1627_, 5.4, 13.6, 1.8
_1628_, 5.4, 13.6, 1.8
_1629_, 5.4, 13.6, 1.8
_1630_, 5.4, 13.6, 1.8
_1631_, 5.4, 13.6, 1.8
_1632_, 5.4, 13.6, 1.8
_1633_, 5.4, 13.6, 1.8
_1634_, 5.4, 13.6, 1.8
_1635_, 5.4, 13.6, 1.8
_1636_, 5.4, 13.6, 1.8
_1637_, 5.4, 13.6, 1.8
_1638_, 5.4, 13.6, 1.8
_1639_, 5.4, 13.6, 1.8
_1640_, 5.4, 13.6, 1.8
_1641_, 5.4, 13.6, 1.8
_1642_, 5.4, 13.6, 1.8
_1643_, 5.4, 13.6, 1.8
_1644_, 5.4, 13.6, 1.8
_1645_, 5.4, 13.6, 1.8
_1646_, 5.4, 13.6, 1.8
_1647_, 5.4, 13.6, 1.8
_1648_, 5.4, 13.6, 1.8
_1649_, 5.4, 13.6, 1.8
_1650_, 5.4, 13.6, 1.8
_1651_, 5.4, 13.6, 1.8
_1652_, 5.4, 13.6, 1.8
_1653_, 5.4, 13.6, 1.8
_1654_, 5.4, 13.6, 1.8
_1655_, 5.4, 13.6, 1.8
_1656_, 5.4, 13.6, 1.8
_1657_, 5.4, 13.6, 1.8
_1658_, 5.4, 13.6, 1.8
_1659_, 5.4, 13.6, 1.8
_1660_, 5.4, 13.6, 1.8
_1661_, 5.4, 13.6, 1.8
_1662_, 5.4, 13.6, 1.8
_1663_, 5.4, 13.6, 1.8
_1664_, 5.4, 13.6, 1.8
_1665_, 5.4, 13.6, 1.8
_1666_, 5.4, 13.6, 1.8
_1667_, 5.4, 13.6, 1.8
_1668_, 5.4, 13.6, 1.8
_1669_, 5.4, 13.6, 1.8
_1670_, 5.4, 13.6, 1.8
_1671_, 5.4, 13.6, 1.8
_1672_, 5.4, 13.6, 1.8
_1673_, 5.4, 13.6, 1.8
_1674_, 5.4, 13.6, 1.8
_1675_, 5.4, 13.6, 1.8
_1676_, 5.4, 13.6, 1.8
_1677_, 5.4, 13.6, 1.8
_1678_, 5.4, 13.6, 1.8
_1679_, 5.4, 13.6, 1.8
_1680_, 5.4, 13.6, 1.8
_1681_, 5.4, 13.6, 1.8
_1682_, 5.4, 13.6, 1.8
_1683_, 5.4, 13.6, 1.8
_1684_, 5.4, 13.6, 1.8
_1685_, 5.4, 13.6, 1.8
_1686_, 5.4, 13.6, 1.8
_1687_, 5.4, 13.6, 1.8
_1688_, 5.4, 13.6, 1.8
_1689_, 5.4, 13.6, 1.8
_1690_, 5.4, 13.6, 1.8
_1691_, 5.4, 13.6, 1.8
_1692_, 5.4, 13.6, 1.8
_1693_, 5.4, 13.6, 1.8
_1694_, 5.4, 13.6, 1.8
_1695_, 5.4, 13.6, 1.8
_1696_, 5.4, 13.6, 1.8
_1697_, 5.4, 13.6, 1.8
_1698_, 5.4, 13.6, 1.8
_1699_, 5.4, 13.6, 1.8
_1700_, 5.4, 13.6, 1.8
_1701_, 5.4, 13.6, 1.8
_1702_, 5.4, 13.6, 1.8
_1703_, 5.4, 13.6, 1.8
_1704_, 5.4, 13.6, 1.8
_1705_, 5.4, 13.6, 1.8
_1706_, 5.4, 13.6, 1.8
_1707_, 5.4, 13.6, 1.8
_1708_, 5.4, 13.6, 1.8
_1709_, 5.4, 13.6, 1.8
_1710_, 5.4, 13.6, 1.8
_1711_, 5.4, 13.6, 1.8
_1712_, 5.4, 13.6, 1.8
_1713_, 5.4, 13.6, 1.8
_1714_, 5.4, 13.6, 1.8
_1715_, 5.4, 13.6, 1.8
_1716_, 5.4, 13.6, 1.8
_1717_, 5.4, 13.6, 1.8
_1718_, 5.4, 13.6, 1.8
_1719_, 5.4, 13.6, 1.8
_1720_, 5.4, 13.6, 1.8
_1721_, 5.4, 13.6, 1.8
_1722_, 5.4, 13.6, 1.8
_1723_, 5.4, 13.6, 1.8
_1724_, 5.4, 13.6, 1.8
_1725_, 5.4, 13.6, 1.8
_1726_, 5.4, 13.6, 1.8
_1727_, 5.4, 13.6, 1.8
_1728_, 5.4, 13.6, 1.8
_1729_, 5.4, 13.6, 1.8
_1730_, 5.4, 13.6, 1.8
_1731_, 5.4, 13.6, 1.8
_1732_, 5.4, 13.6, 1.8
_1733_, 5.4, 13.6, 1.8
_1734_, 5.4, 13.6, 1.8
_1735_, 5.4, 13.6, 1.8
_1736_, 5.4, 13.6, 1.8
_1737_, 5.4, 13.6, 1.8
_1738_, 5.4, 13.6, 1.8
_1739_, 5.4, 13.6, 1.8
_1740_, 5.4, 13.6, 1.8
_1741_, 5.4, 13.6, 1.8
_1742_, 5.4, 13.6, 1.8
_1743_, 5.4, 13.6, 1.8
_1744_, 5.4, 13.6, 1.8
_1745_, 5.4, 13.6, 1.8
_1746_, 5.4, 13.6, 1.8
_1747_, 5.4, 13.6, 1.8
_1748_, 5.4, 13.6, 1.8
_1749_, 5.4, 13.6, 1.8
_1750_, 5.4, 13.6, 1.8
_1751_, 5.4, 13.6, 1.8
_1752_, 5.4, 13.6, 1.8
_1753_, 5.4, 13.6, 1.8
_1754_, 5.4, 13.6, 1.8
_1755_, 5.4, 13.6, 1.8
_1756_, 5.4, 13.6, 1.8
_1757_, 5.4, 13.6, 1.8
_1758_, 5.4, 13.6, 1.8
_1759_, 5.4, 13.6, 1.8
_1760_, 5.4, 13.6, 1.8
_1761_, 5.4, 13.6, 1.8
_1762_, 5.4, 13.6, 1.8
_1763_, 5.4, 13.6, 1.8
_1764_, 5.4, 13.6, 1.8
_1765_, 5.4, 13.6, 1.8
_1766_, 5.4, 13.6, 1.8
_1767_, 5.4, 13.6, 1.8
_1768_, 5.4, 13.6, 1.8
_1769_, 5.4, 13.6, 1.8
_1770_, 5.4, 13.6, 1.8
_1771_, 5.4, 13.6, 1.8
_1772_, 5.4, 13.6, 1.8
_1773_, 5.4, 13.6, 1.8
_1774_, 5.4, 13.6, 1.8
_1775_, 5.4, 13.6, 1.8
_1776_, 5.4, 13.6, 1.8
_1777_, 5.4, 13.6, 1.8
_1778_, 5.4, 13.6, 1.8
_1779_, 5.4, 13.6, 1.8
_1780_, 5.4, 13.6, 1.8
_1781_, 5.4, 13.6, 1.8
_1782_, 5.4, 13.6, 1.8
_1783_, 5.4, 13.6, 1.8
_1784_, 5.4, 13.6, 1.8
_1785_, 5.4, 13.6, 1.8
_1786_, 5.4, 13.6, 1.8
_1787_, 5.4, 13.6, 1.8
_1788_, 5.4, 13.6, 1.8
_1789_, 5.4, 13.6, 1.8
_1790_, 5.4, 13.6, 1.8
_1791_, 5.4, 13.6, 1.8
_1792_, 5.4, 13.6, 1.8
_1793_, 5.4, 13.6, 1.8
_1794_, 5.4, 13.6, 1.8
_1795_, 5.4, 13.6, 1.8
_1796_, 5.4, 13.6, 1.8
_1797_, 5.4, 13.6, 1.8
_1798_, 5.4, 13.6, 1.8
_1799_, 5.4, 13.6, 1.8
_1800_, 5.4, 13.6, 1.8
_1801_, 5.4, 13.6, 1.8
_1802_, 5.4, 13.6, 1.8
_1803_, 5.4, 13.6, 1.8
_1804_, 5.4, 13.6, 1.8
_1805_, 5.4, 13.6, 1.8
_1806_, 5.4, 13.6, 1.8
_1807_, 5.4, 13.6, 1.8
_1808_, 5.4, 13.6, 1.8
_1809_, 5.4, 13.6, 1.8
_1810_, 5.4, 13.6, 1.8
_1811_, 5.4, 13.6, 1.8
_1812_, 5.4, 13.6, 1.8
_1813_, 5.4, 13.6, 1.8
_1814_, 5.4, 13.6, 1.8
_1815_, 5.4, 13.6, 1.8
_1816_, 5.4, 13.6, 1.8
_1817_, 5.4, 13.6, 1.8
_1818_, 5.4, 13.6, 1.8
_1819_, 5.4, 13.6, 1.8
_1820_, 5.4, 13.6, 1.8
_1821_, 5.4, 13.6, 1.8
_1822_, 5.4, 13.6, 1.8
_1823_, 5.4, 13.6, 1.8
_1824_, 5.4, 13.6, 1.8
_1825_, 5.4, 13.6, 1.8
_1826_, 5.4, 13.6, 1.8
_1827_, 5.4, 13.6, 1.8
_1828_, 5.4, 13.6, 1.8
_1829_, 5.4, 13.6, 1.8
_1830_, 5.4, 13.6, 1.8
_1831_, 5.4, 13.6, 1.8
_1832_, 5.4, 13.6, 1.8
_1833_, 5.4, 13.6, 1.8
_1834_, 5.4, 13.6, 1.8
_1835_, 5.4, 13.6, 1.8
_1836_, 5.4, 13.6, 1.8
_1837_, 5.4, 13.6, 1.8
_1838_, 5.4, 13.6, 1.8
_1839_, 5.4, 13.6, 1.8
_1840_, 5.4, 13.6, 1.8
_1841_, 5.4, 13.6, 1.8
_1842_, 5.4, 13.6, 1.8
_1843_, 5.4, 13.6, 1.8
_1844_, 5.4, 13.6, 1.8
_1845_, 5.4, 13.6, 1.8
_1846_, 5.4, 13.6, 1.8
_1847_, 5.4, 13.6, 1.8
_1848_, 5.4, 13.6, 1.8
_1849_, 5.4, 13.6, 1.8
_1850_, 5.4, 13.6, 1.8
_1851_, 5.4, 13.6, 1.8
_1852_, 5.4, 13.6, 1.8
_1853_, 5.4, 13.6, 1.8
_1854_, 5.4, 13.6, 1.8
_1855_, 5.4, 13.6, 1.8
_1856_, 5.4, 13.6, 1.8
_1857_, 5.4, 13.6, 1.8
PHY_1, 189, 13.6, 1.8
PHY_3, 189, 13.6, 1.8

