[INFO]: Current run directory is /openlane/designs/PrimitiveCalculator/runs/RUN_2022.05.03_13.53.45
[INFO]: Storing configs into config.tcl ...
[INFO]: Preparing LEF Files
[INFO]: Extracting the number of available metal layers from /home/emre/ASIC/pdk/sky130A/libs.ref/sky130_fd_sc_hd/techlef/sky130_fd_sc_hd.tlef
[INFO]: The available metal layers (6) are li1  met1  met2  met3  met4  met5
[INFO]: Merging LEF Files...
[INFO]: Trimming Liberty...
[INFO]: Generating Exclude List...
[INFO]: Generating Exclude List...
[INFO]: Creating ::env(DONT_USE_CELLS)...
[INFO]: Preparation complete
[INFO]: Incremented step index to 0.
[INFO]: Running Synthesis...
[ERROR]: during executing: "yosys -c /openlane/scripts/yosys/synth.tcl -l /openlane/designs/PrimitiveCalculator/runs/RUN_2022.05.03_13.53.45/logs/synthesis/1-synthesis.log |& tee >&@stdout"
[ERROR]: Exit code: 1
[ERROR]: Last 10 lines:
child process exited abnormally

[INFO]: Calculating Runtime From the Start...
[INFO]: Generating Final Summary Report...
[INFO]: Design Name: PrimitiveCalculator
Run Directory: /openlane/designs/PrimitiveCalculator/runs/RUN_2022.05.03_13.53.45
Source not found.
----------------------------------------

LVS Summary:
Source: /openlane/designs/PrimitiveCalculator/runs/RUN_2022.05.03_13.53.45/logs/finishing/PrimitiveCalculator.lvs.lef.log
Source not found.
----------------------------------------

Antenna Summary:
No antenna report found.
[INFO]: check full report here: /openlane/designs/PrimitiveCalculator/runs/RUN_2022.05.03_13.53.45/reports/final_summary_report.csv
[INFO]: Saving runtime environment...
[ERROR]: Flow failed.
