OpenROAD 8d53e9b018dec98fa63e907ddeb6c5406f035361 
This program is licensed under the BSD-3 license. See the LICENSE file for details.
Components of this program may be licensed under more restrictive licenses which must be honored.
[INFO ODB-0222] Reading LEF file: /openlane/designs/PrimitiveCalculator/runs/RUN_2022.05.04_13.21.59/tmp/merged_unpadded.lef
[INFO ODB-0223]     Created 13 technology layers
[INFO ODB-0224]     Created 25 technology vias
[INFO ODB-0225]     Created 441 library cells
[INFO ODB-0226] Finished LEF file:  /openlane/designs/PrimitiveCalculator/runs/RUN_2022.05.04_13.21.59/tmp/merged_unpadded.lef
[INFO ODB-0127] Reading DEF file: /openlane/designs/PrimitiveCalculator/runs/RUN_2022.05.04_13.21.59/tmp/placement/8-resizer.def
[INFO ODB-0128] Design: PrimitiveCalculator
[INFO ODB-0130]     Created 17 pins.
[INFO ODB-0131]     Created 1596 components and 8757 component-terminals.
[INFO ODB-0132]     Created 2 special nets and 5446 connections.
[INFO ODB-0133]     Created 1003 nets and 3311 connections.
[INFO ODB-0134] Finished DEF file: /openlane/designs/PrimitiveCalculator/runs/RUN_2022.05.04_13.21.59/tmp/placement/8-resizer.def
Placement Analysis
---------------------------------
total displacement          0.0 u
average displacement        0.0 u
max displacement            0.0 u
original HPWL           21743.1 u
legalized HPWL          22413.7 u
delta HPWL                    3 %

[INFO DPL-0020] Mirrored 398 instances
[INFO DPL-0021] HPWL before           22413.7 u
[INFO DPL-0022] HPWL after            21743.1 u
[INFO DPL-0023] HPWL delta               -3.0 %
