
Magic 8.3 revision 269 - Compiled on Fri Feb 18 11:40:47 UTC 2022.
Starting magic under Tcl interpreter
Using the terminal as the console.
Using NULL graphics device.
Processing system .magicrc file
Sourcing design .magicrc for technology sky130A ...
2 Magic internal units = 1 Lambda
Input style sky130(vendor): scaleFactor=2, multiplier=2
The following types are not handled by extraction and will be treated as non-electrical types:
    mvobsactive ubm 
Scaled tech values by 2 / 1 to match internal grid scaling
Loading sky130A Device Generator Menu ...
Loading "/openlane/scripts/magic/mag_gds.tcl" from command line.
Reading LEF data from file /home/emre/ASIC/pdk/sky130A/libs.ref/sky130_fd_sc_hd/techlef/sky130_fd_sc_hd.tlef.
This action cannot be undone.
LEF read, Line 78 (Message): Unknown keyword "ANTENNAMODEL" in LEF file; ignoring.
LEF read, Line 79 (Message): Unknown keyword "ANTENNADIFFSIDEAREARATIO" in LEF file; ignoring.
LEF read, Line 111 (Message): Unknown keyword "MINENCLOSEDAREA" in LEF file; ignoring.
LEF read, Line 113 (Message): Unknown keyword "ANTENNAMODEL" in LEF file; ignoring.
LEF read, Line 114 (Message): Unknown keyword "ANTENNADIFFSIDEAREARATIO" in LEF file; ignoring.
LEF read, Line 120 (Message): Unknown keyword "MAXIMUMDENSITY" in LEF file; ignoring.
LEF read, Line 121 (Message): Unknown keyword "DENSITYCHECKWINDOW" in LEF file; ignoring.
LEF read, Line 122 (Message): Unknown keyword "DENSITYCHECKSTEP" in LEF file; ignoring.
LEF read, Line 154 (Message): Unknown keyword "MINENCLOSEDAREA" in LEF file; ignoring.
LEF read, Line 162 (Message): Unknown keyword "ANTENNAMODEL" in LEF file; ignoring.
LEF read, Line 163 (Message): Unknown keyword "ANTENNADIFFSIDEAREARATIO" in LEF file; ignoring.
LEF read, Line 165 (Message): Unknown keyword "MAXIMUMDENSITY" in LEF file; ignoring.
LEF read, Line 166 (Message): Unknown keyword "DENSITYCHECKWINDOW" in LEF file; ignoring.
LEF read, Line 167 (Message): Unknown keyword "DENSITYCHECKSTEP" in LEF file; ignoring.
LEF read, Line 203 (Message): Unknown keyword "ANTENNAMODEL" in LEF file; ignoring.
LEF read, Line 204 (Message): Unknown keyword "ANTENNADIFFSIDEAREARATIO" in LEF file; ignoring.
LEF read, Line 206 (Message): Unknown keyword "MAXIMUMDENSITY" in LEF file; ignoring.
LEF read, Line 207 (Message): Unknown keyword "DENSITYCHECKWINDOW" in LEF file; ignoring.
LEF read, Line 208 (Message): Unknown keyword "DENSITYCHECKSTEP" in LEF file; ignoring.
LEF read, Line 244 (Message): Unknown keyword "ANTENNAMODEL" in LEF file; ignoring.
LEF read, Line 245 (Message): Unknown keyword "ANTENNADIFFSIDEAREARATIO" in LEF file; ignoring.
LEF read, Line 247 (Message): Unknown keyword "MAXIMUMDENSITY" in LEF file; ignoring.
LEF read, Line 248 (Message): Unknown keyword "DENSITYCHECKWINDOW" in LEF file; ignoring.
LEF read, Line 249 (Message): Unknown keyword "DENSITYCHECKSTEP" in LEF file; ignoring.
LEF read, Line 285 (Message): Unknown keyword "ANTENNAMODEL" in LEF file; ignoring.
LEF read, Line 286 (Message): Unknown keyword "ANTENNADIFFSIDEAREARATIO" in LEF file; ignoring.
LEF read: Processed 792 lines.
Reading DEF data from file /openlane/designs/PrimitiveCalculator/runs/RUN_2022.05.04_12.01.04/results/routing/PrimitiveCalculator.def.
This action cannot be undone.
  Processed 4 vias total.
  Processed 3441 subcell instances total.
  Processed 17 pins total.
  Processed 2 special nets total.
  Processed 20 nets total.
DEF read: Processed 4120 lines.
Root cell box:
           width x height  (   llx,  lly  ), (   urx,  ury  )  area (units^2)

microns:  200.000 x 200.000  ( 0.000,  0.000), ( 200.000,  200.000)  40000.000 
lambda:   20000.00 x 20000.00  (  0.00,  0.00 ), ( 20000.00,  20000.00)  400000000.00
internal:  40000 x 40000   (     0,  0    ), ( 40000,  40000)  1600000000
   Generating output for cell sky130_fd_sc_hd__decap_12
   Generating output for cell sky130_fd_sc_hd__decap_3
   Generating output for cell sky130_fd_sc_hd__fill_1
   Generating output for cell sky130_fd_sc_hd__tapvpwrvgnd_1
   Generating output for cell sky130_fd_sc_hd__decap_4
   Generating output for cell sky130_fd_sc_hd__decap_6
   Generating output for cell sky130_fd_sc_hd__decap_8
   Generating output for cell sky130_fd_sc_hd__conb_1
   Generating output for cell sky130_fd_sc_hd__buf_2
   Generating output for cell sky130_fd_sc_hd__fill_2
   Generating output for cell sky130_fd_sc_hd__dfxtp_1
   Generating output for cell sky130_fd_sc_hd__nor2_1
   Generating output for cell PrimitiveCalculator
[INFO]: GDS Write Complete
