OpenROAD 8d53e9b018dec98fa63e907ddeb6c5406f035361 
This program is licensed under the BSD-3 license. See the LICENSE file for details.
Components of this program may be licensed under more restrictive licenses which must be honored.
[INFO ODB-0222] Reading LEF file: /openlane/designs/PrimitiveCalculator/runs/RUN_2022.05.04_13.21.59/tmp/merged_unpadded.lef
[INFO ODB-0223]     Created 13 technology layers
[INFO ODB-0224]     Created 25 technology vias
[INFO ODB-0225]     Created 441 library cells
[INFO ODB-0226] Finished LEF file:  /openlane/designs/PrimitiveCalculator/runs/RUN_2022.05.04_13.21.59/tmp/merged_unpadded.lef
[INFO ODB-0127] Reading DEF file: /openlane/designs/PrimitiveCalculator/runs/RUN_2022.05.04_13.21.59/tmp/floorplan/4-io.def
[INFO ODB-0128] Design: PrimitiveCalculator
[INFO ODB-0130]     Created 15 pins.
[INFO ODB-0131]     Created 983 components and 7215 component-terminals.
[INFO ODB-0133]     Created 989 nets and 3283 connections.
[INFO ODB-0134] Finished DEF file: /openlane/designs/PrimitiveCalculator/runs/RUN_2022.05.04_13.21.59/tmp/floorplan/4-io.def
[WARNING TAP-0014] endcap_cpp option is deprecated.
[INFO TAP-0001] Found 0 macro blocks.
[INFO TAP-0002] Original rows: 65
[INFO TAP-0003] Created 0 rows for a total of 65 rows.
[INFO TAP-0004] Inserted 130 endcaps.
[INFO TAP-0005] Inserted 469 tapcells.
