Wed May 04 13:22:01 UTC 2022 - Executing "/openlane/scripts/mergeLef.py -i /home/emre/ASIC/pdk/sky130A/libs.ref/sky130_fd_sc_hd/techlef/sky130_fd_sc_hd.tlef /home/emre/ASIC/pdk/sky130A/libs.ref/sky130_fd_sc_hd/lef/sky130_fd_sc_hd.lef -o /openlane/designs/PrimitiveCalculator/runs/RUN_2022.05.04_13.21.59/tmp/merged_unpadded.lef |& tee >&@stdout"

Wed May 04 13:22:01 UTC 2022 - Executing "openroad -python /openlane/scripts/mergeLib.py --output /openlane/designs/PrimitiveCalculator/runs/RUN_2022.05.04_13.21.59/tmp/synthesis/merged.lib --name sky130A_merged /home/emre/ASIC/pdk/sky130A/libs.ref/sky130_fd_sc_hd/lib/sky130_fd_sc_hd__tt_025C_1v80.lib"

Wed May 04 13:22:05 UTC 2022 - Executing "openroad -python /openlane/scripts/libtrim.py --cell-file /openlane/designs/PrimitiveCalculator/runs/RUN_2022.05.04_13.21.59/tmp/synthesis/trimmed.lib.exclude.list --output /openlane/designs/PrimitiveCalculator/runs/RUN_2022.05.04_13.21.59/tmp/synthesis/trimmed.lib /openlane/designs/PrimitiveCalculator/runs/RUN_2022.05.04_13.21.59/tmp/synthesis/merged.lib"

Wed May 04 13:22:06 UTC 2022 - Executing "echo {openlane 2022.02.23_02.50.41} > /openlane/designs/PrimitiveCalculator/runs/RUN_2022.05.04_13.21.59/OPENLANE_VERSION"

Wed May 04 13:22:06 UTC 2022 - Executing "openroad -python /openlane/scripts/new_tracks.py -i /home/emre/ASIC/pdk/sky130A/libs.tech/openlane/sky130_fd_sc_hd/tracks.info -o /openlane/designs/PrimitiveCalculator/runs/RUN_2022.05.04_13.21.59/tmp/routing/config.tracks"

Wed May 04 13:22:07 UTC 2022 - Executing "sed -E {s/^([[:space:]]+)pg_pin(.*)/\1pin\2\n\1    direction : "inout";/g} /home/emre/ASIC/pdk/sky130A/libs.ref/sky130_fd_sc_hd/lib/sky130_fd_sc_hd__tt_025C_1v80.lib > /openlane/designs/PrimitiveCalculator/runs/RUN_2022.05.04_13.21.59/tmp/synthesis/1-sky130_fd_sc_hd__tt_025C_1v80.no_pg.lib"

Wed May 04 13:22:07 UTC 2022 - Executing "yosys -c /openlane/scripts/yosys/synth.tcl -l /openlane/designs/PrimitiveCalculator/runs/RUN_2022.05.04_13.21.59/logs/synthesis/1-synthesis.log |& tee >&@stdout"

Wed May 04 13:22:13 UTC 2022 - Executing "sed -i -e {s/\(set ::env(CURRENT_NETLIST)\).*/\1 \/openlane\/designs\/PrimitiveCalculator\/runs\/RUN_2022.05.04_13.21.59\/results\/synthesis\/PrimitiveCalculator.v/} /openlane/designs/PrimitiveCalculator/runs/RUN_2022.05.04_13.21.59/config.tcl"

Wed May 04 13:22:13 UTC 2022 - Executing "sed -i -e {s/\(set ::env(PREV_NETLIST)\).*/\1 0/} /openlane/designs/PrimitiveCalculator/runs/RUN_2022.05.04_13.21.59/config.tcl"

Wed May 04 13:22:13 UTC 2022 - Executing "sed -i /defparam/d /openlane/designs/PrimitiveCalculator/runs/RUN_2022.05.04_13.21.59/results/synthesis/PrimitiveCalculator.v"

Wed May 04 13:22:13 UTC 2022 - Executing "openroad -exit /openlane/scripts/openroad/sta.tcl"

Wed May 04 13:22:14 UTC 2022 - Executing "openroad -exit /openlane/scripts/openroad/floorplan.tcl"

Wed May 04 13:22:15 UTC 2022 - Executing "openroad -python /openlane/scripts/defutil.py extract_core_dims --output-data /openlane/designs/PrimitiveCalculator/runs/RUN_2022.05.04_13.21.59/tmp/dimensions.txt --input-lef /openlane/designs/PrimitiveCalculator/runs/RUN_2022.05.04_13.21.59/tmp/merged.lef /openlane/designs/PrimitiveCalculator/runs/RUN_2022.05.04_13.21.59/tmp/floorplan/3-initial_fp.def"

Wed May 04 13:22:16 UTC 2022 - Executing "openroad -exit /openlane/scripts/openroad/ioplacer.tcl"

Wed May 04 13:22:16 UTC 2022 - Executing "openroad -exit /openlane/scripts/openroad/tapcell.tcl"

Wed May 04 13:22:16 UTC 2022 - Executing "openroad -exit /openlane/scripts/openroad/pdn.tcl"

Wed May 04 13:22:18 UTC 2022 - Executing "openroad -exit /openlane/scripts/openroad/replace.tcl"

Wed May 04 13:22:20 UTC 2022 - Executing "openroad -exit /openlane/scripts/openroad/resizer.tcl"

Wed May 04 13:22:22 UTC 2022 - Executing "openroad -exit /openlane/scripts/openroad/write_verilog.tcl"

Wed May 04 13:22:23 UTC 2022 - Executing "sed -i -e {s/\(set ::env(CURRENT_NETLIST)\).*/\1 \/openlane\/designs\/PrimitiveCalculator\/runs\/RUN_2022.05.04_13.21.59\/results\/placement\/PrimitiveCalculator.resized.v/} /openlane/designs/PrimitiveCalculator/runs/RUN_2022.05.04_13.21.59/config.tcl"

Wed May 04 13:22:23 UTC 2022 - Executing "sed -i -e {s/\(set ::env(PREV_NETLIST)\).*/\1 \/openlane\/designs\/PrimitiveCalculator\/runs\/RUN_2022.05.04_13.21.59\/results\/synthesis\/PrimitiveCalculator.v/} /openlane/designs/PrimitiveCalculator/runs/RUN_2022.05.04_13.21.59/config.tcl"

Wed May 04 13:22:23 UTC 2022 - Executing "openroad -exit /openlane/scripts/openroad/opendp.tcl"

Wed May 04 13:22:23 UTC 2022 - Executing "openroad -python /openlane/scripts/libtrim.py --cell-file /openlane/designs/PrimitiveCalculator/runs/RUN_2022.05.04_13.21.59/tmp/cts/cts.lib.exclude.list --output /openlane/designs/PrimitiveCalculator/runs/RUN_2022.05.04_13.21.59/tmp/cts/cts.lib /home/emre/ASIC/pdk/sky130A/libs.ref/sky130_fd_sc_hd/lib/sky130_fd_sc_hd__tt_025C_1v80.lib"

Wed May 04 13:22:24 UTC 2022 - Executing "openroad -exit /openlane/scripts/openroad/cts.tcl"

Wed May 04 13:23:08 UTC 2022 - Executing "openroad -exit /openlane/scripts/openroad/write_verilog.tcl"

Wed May 04 13:23:08 UTC 2022 - Executing "sed -i -e {s/\(set ::env(CURRENT_NETLIST)\).*/\1 \/openlane\/designs\/PrimitiveCalculator\/runs\/RUN_2022.05.04_13.21.59\/results\/cts\/PrimitiveCalculator.v/} /openlane/designs/PrimitiveCalculator/runs/RUN_2022.05.04_13.21.59/config.tcl"

Wed May 04 13:23:08 UTC 2022 - Executing "sed -i -e {s/\(set ::env(PREV_NETLIST)\).*/\1 \/openlane\/designs\/PrimitiveCalculator\/runs\/RUN_2022.05.04_13.21.59\/results\/placement\/PrimitiveCalculator.resized.v/} /openlane/designs/PrimitiveCalculator/runs/RUN_2022.05.04_13.21.59/config.tcl"

Wed May 04 13:23:08 UTC 2022 - Executing "openroad -exit /openlane/scripts/openroad/resizer_timing.tcl"

Wed May 04 13:23:10 UTC 2022 - Executing "openroad -exit /openlane/scripts/openroad/write_verilog.tcl"

Wed May 04 13:23:10 UTC 2022 - Executing "sed -i -e {s/\(set ::env(CURRENT_NETLIST)\).*/\1 \/openlane\/designs\/PrimitiveCalculator\/runs\/RUN_2022.05.04_13.21.59\/results\/cts\/PrimitiveCalculator.resized.v/} /openlane/designs/PrimitiveCalculator/runs/RUN_2022.05.04_13.21.59/config.tcl"

Wed May 04 13:23:10 UTC 2022 - Executing "sed -i -e {s/\(set ::env(PREV_NETLIST)\).*/\1 \/openlane\/designs\/PrimitiveCalculator\/runs\/RUN_2022.05.04_13.21.59\/results\/cts\/PrimitiveCalculator.v/} /openlane/designs/PrimitiveCalculator/runs/RUN_2022.05.04_13.21.59/config.tcl"

Wed May 04 13:23:10 UTC 2022 - Executing "openroad -exit /openlane/scripts/openroad/opendp.tcl"

Wed May 04 13:23:11 UTC 2022 - Executing "openroad -exit /openlane/scripts/openroad/groute.tcl"

Wed May 04 13:23:12 UTC 2022 - Executing "openroad -exit /openlane/scripts/openroad/fill.tcl"

Wed May 04 13:23:13 UTC 2022 - Executing "openroad -exit /openlane/scripts/openroad/write_verilog.tcl"

Wed May 04 13:23:13 UTC 2022 - Executing "sed -i -e {s/\(set ::env(CURRENT_NETLIST)\).*/\1 \/openlane\/designs\/PrimitiveCalculator\/runs\/RUN_2022.05.04_13.21.59\/tmp\/routing\/17-global.v/} /openlane/designs/PrimitiveCalculator/runs/RUN_2022.05.04_13.21.59/config.tcl"

Wed May 04 13:23:13 UTC 2022 - Executing "sed -i -e {s/\(set ::env(PREV_NETLIST)\).*/\1 \/openlane\/designs\/PrimitiveCalculator\/runs\/RUN_2022.05.04_13.21.59\/results\/cts\/PrimitiveCalculator.resized.v/} /openlane/designs/PrimitiveCalculator/runs/RUN_2022.05.04_13.21.59/config.tcl"

Wed May 04 13:23:13 UTC 2022 - Executing "openroad -exit /openlane/scripts/openroad/droute.tcl"

Wed May 04 13:24:27 UTC 2022 - Executing "openroad -python /openlane/scripts/tr_drc_to_klayout_drc.py -i /openlane/designs/PrimitiveCalculator/runs/RUN_2022.05.04_13.21.59/reports/routing/detailed.drc -o /openlane/designs/PrimitiveCalculator/runs/RUN_2022.05.04_13.21.59/reports/routing/detailed.klayout.xml --design-name PrimitiveCalculator"

Wed May 04 13:24:27 UTC 2022 - Executing "openroad -exit /openlane/scripts/openroad/write_verilog.tcl"

Wed May 04 13:24:28 UTC 2022 - Executing "sed -i -e {s/\(set ::env(CURRENT_NETLIST)\).*/\1 \/openlane\/designs\/PrimitiveCalculator\/runs\/RUN_2022.05.04_13.21.59\/tmp\/routing\/19-detailed.v/} /openlane/designs/PrimitiveCalculator/runs/RUN_2022.05.04_13.21.59/config.tcl"

Wed May 04 13:24:28 UTC 2022 - Executing "sed -i -e {s/\(set ::env(PREV_NETLIST)\).*/\1 \/openlane\/designs\/PrimitiveCalculator\/runs\/RUN_2022.05.04_13.21.59\/tmp\/routing\/17-global.v/} /openlane/designs/PrimitiveCalculator/runs/RUN_2022.05.04_13.21.59/config.tcl"

Wed May 04 13:24:28 UTC 2022 - Executing "openroad -exit /openlane/scripts/openroad/rcx.tcl"

Wed May 04 13:24:29 UTC 2022 - Executing "openroad -exit /openlane/scripts/openroad/rcx.tcl"

Wed May 04 13:24:30 UTC 2022 - Executing "openroad -exit /openlane/scripts/openroad/rcx.tcl"

Wed May 04 13:24:32 UTC 2022 - Executing "openroad -exit /openlane/scripts/openroad/sta.tcl"

Wed May 04 13:24:34 UTC 2022 - Executing "openroad -exit /openlane/scripts/openroad/sta_multi_corner.tcl"

Wed May 04 13:24:37 UTC 2022 - Executing "magic -noconsole -dnull -rcfile /home/emre/ASIC/pdk/sky130A/libs.tech/magic/sky130A.magicrc /openlane/scripts/magic/mag_gds.tcl </dev/null |& tee >&@stdout /openlane/designs/PrimitiveCalculator/runs/RUN_2022.05.04_13.21.59/logs/finishing/26-gdsii.log"

Wed May 04 13:24:39 UTC 2022 - Executing "magic -noconsole -dnull -rcfile /home/emre/ASIC/pdk/sky130A/libs.tech/magic/sky130A.magicrc /openlane/scripts/magic/gds_pointers.tcl </dev/null |& tee >&@stdout /openlane/designs/PrimitiveCalculator/runs/RUN_2022.05.04_13.21.59/logs/finishing/26-gds_ptrs.log"

Wed May 04 13:24:40 UTC 2022 - Executing "sed -i -n {/^<< properties >>/,/^<< end >>/p} /openlane/designs/PrimitiveCalculator/runs/RUN_2022.05.04_13.21.59/tmp/finishing/gds_ptrs.mag"

Wed May 04 13:24:40 UTC 2022 - Executing "magic -noconsole -dnull -rcfile /home/emre/ASIC/pdk/sky130A/libs.tech/magic/sky130A.magicrc /openlane/scripts/magic/lef.tcl </dev/null |& tee >&@stdout /openlane/designs/PrimitiveCalculator/runs/RUN_2022.05.04_13.21.59/logs/finishing/26-lef.log"

Wed May 04 13:24:41 UTC 2022 - Executing "magic -noconsole -dnull -rcfile /home/emre/ASIC/pdk/sky130A/libs.tech/magic/sky130A.magicrc /openlane/scripts/magic/maglef.tcl </dev/null |& tee >&@stdout /openlane/designs/PrimitiveCalculator/runs/RUN_2022.05.04_13.21.59/logs/finishing/26-maglef.log"

Wed May 04 13:24:41 UTC 2022 - Executing "klayout -b -rm /openlane/scripts/klayout/def2gds.py -rd out_gds=/openlane/designs/PrimitiveCalculator/runs/RUN_2022.05.04_13.21.59/results/finishing/PrimitiveCalculator.klayout.gds -rd tech_file=/home/emre/ASIC/pdk/sky130A/libs.tech/klayout/sky130A.lyt -rd design_name=PrimitiveCalculator -rd in_def=/openlane/designs/PrimitiveCalculator/runs/RUN_2022.05.04_13.21.59/results/routing/PrimitiveCalculator.def -rd {in_gds=/home/emre/ASIC/pdk/sky130A/libs.ref/sky130_fd_sc_hd/gds/sky130_fd_sc_hd.gds } -rd config_file= -rd seal_gds= -rd lef_file=/openlane/designs/PrimitiveCalculator/runs/RUN_2022.05.04_13.21.59/tmp/merged.lef |& tee >&@stdout /openlane/designs/PrimitiveCalculator/runs/RUN_2022.05.04_13.21.59/logs/finishing/27-gdsii-klayout.log"

Wed May 04 13:24:46 UTC 2022 - Executing "magic -noconsole -dnull -rcfile /home/emre/ASIC/pdk/sky130A/libs.tech/magic/sky130A.magicrc /openlane/designs/PrimitiveCalculator/runs/RUN_2022.05.04_13.21.59/tmp/finishing/spice.tcl </dev/null |& tee >&@stdout /openlane/designs/PrimitiveCalculator/runs/RUN_2022.05.04_13.21.59/logs/finishing/28-spice.log"

Wed May 04 13:24:49 UTC 2022 - Executing "openroad -python /openlane/scripts/write_powered_def.py -d /openlane/designs/PrimitiveCalculator/runs/RUN_2022.05.04_13.21.59/results/routing/PrimitiveCalculator.def -l /openlane/designs/PrimitiveCalculator/runs/RUN_2022.05.04_13.21.59/tmp/merged.lef --power-port VPWR --ground-port VGND --powered-netlist {} -o /openlane/designs/PrimitiveCalculator/runs/RUN_2022.05.04_13.21.59/tmp/finishing/28-powered_def.def |& tee >&@stdout /openlane/designs/PrimitiveCalculator/runs/RUN_2022.05.04_13.21.59/logs/finishing/29-write_powered_def.log"

Wed May 04 13:24:49 UTC 2022 - Executing "openroad -exit /openlane/scripts/openroad/write_verilog.tcl"

Wed May 04 13:24:50 UTC 2022 - Executing "sed -i -e {s/\(set ::env(CURRENT_NETLIST)\).*/\1 \/openlane\/designs\/PrimitiveCalculator\/runs\/RUN_2022.05.04_13.21.59\/tmp\/finishing\/28-powered_netlist.v/} /openlane/designs/PrimitiveCalculator/runs/RUN_2022.05.04_13.21.59/config.tcl"

Wed May 04 13:24:50 UTC 2022 - Executing "sed -i -e {s/\(set ::env(PREV_NETLIST)\).*/\1 \/openlane\/designs\/PrimitiveCalculator\/runs\/RUN_2022.05.04_13.21.59\/tmp\/routing\/19-detailed.v/} /openlane/designs/PrimitiveCalculator/runs/RUN_2022.05.04_13.21.59/config.tcl"

Wed May 04 13:24:50 UTC 2022 - Executing "netgen -batch source /openlane/designs/PrimitiveCalculator/runs/RUN_2022.05.04_13.21.59/tmp/finishing/31-setup_file.lef.lvs |& tee >&@stdout /openlane/designs/PrimitiveCalculator/runs/RUN_2022.05.04_13.21.59/logs/finishing/31-lef.log"

Wed May 04 13:24:50 UTC 2022 - Executing "magic -noconsole -dnull -rcfile /home/emre/ASIC/pdk/sky130A/libs.tech/magic/sky130A.magicrc /openlane/scripts/magic/drc.tcl </dev/null |& tee >&@stdout /openlane/designs/PrimitiveCalculator/runs/RUN_2022.05.04_13.21.59/logs/finishing/32-drc.log"

Wed May 04 13:24:57 UTC 2022 - Executing "openroad -python /openlane/scripts/magic_drc_to_tcl.py -i /openlane/designs/PrimitiveCalculator/runs/RUN_2022.05.04_13.21.59/reports/finishing/drc.rpt -o /openlane/designs/PrimitiveCalculator/runs/RUN_2022.05.04_13.21.59/reports/finishing/drc.tcl"

Wed May 04 13:24:58 UTC 2022 - Executing "openroad -python /openlane/scripts/magic_drc_to_tr_drc.py -i /openlane/designs/PrimitiveCalculator/runs/RUN_2022.05.04_13.21.59/reports/finishing/drc.rpt -o /openlane/designs/PrimitiveCalculator/runs/RUN_2022.05.04_13.21.59/reports/finishing/drc.tr"

Wed May 04 13:24:58 UTC 2022 - Executing "openroad -python /openlane/scripts/tr_drc_to_klayout_drc.py -i /openlane/designs/PrimitiveCalculator/runs/RUN_2022.05.04_13.21.59/reports/finishing/drc.tr -o /openlane/designs/PrimitiveCalculator/runs/RUN_2022.05.04_13.21.59/reports/finishing/drc.klayout.xml --design-name PrimitiveCalculator"

Wed May 04 13:24:58 UTC 2022 - Executing "openroad -python /openlane/scripts/magic_drc_to_rdb.py --magic_drc_in /openlane/designs/PrimitiveCalculator/runs/RUN_2022.05.04_13.21.59/reports/finishing/drc.rpt --rdb_out /openlane/designs/PrimitiveCalculator/runs/RUN_2022.05.04_13.21.59/reports/finishing/drc.rdb"

Wed May 04 13:24:58 UTC 2022 - Executing "openroad -exit /openlane/scripts/openroad/antenna_check.tcl"

Wed May 04 13:24:59 UTC 2022 - Executing "awk -v vdd=VPWR -v gnd=VGND -f /openlane/scripts/cvc/sky130A/power.awk /openlane/designs/PrimitiveCalculator/runs/RUN_2022.05.04_13.21.59/tmp/finishing/28-powered_netlist.v > /openlane/designs/PrimitiveCalculator/runs/RUN_2022.05.04_13.21.59/tmp/finishing/PrimitiveCalculator.power"

Wed May 04 13:24:59 UTC 2022 - Executing "awk -f /openlane/scripts/cvc/sky130A/cdl.awk /home/emre/ASIC/pdk/sky130A/libs.ref/sky130_fd_sc_hd/cdl/sky130_fd_sc_hd.cdl /openlane/designs/PrimitiveCalculator/runs/RUN_2022.05.04_13.21.59/results/finishing/PrimitiveCalculator.lef.spice > /openlane/designs/PrimitiveCalculator/runs/RUN_2022.05.04_13.21.59/tmp/finishing/PrimitiveCalculator.cdl"

Wed May 04 13:24:59 UTC 2022 - Executing "cvc /openlane/scripts/cvc/sky130A/cvcrc.sky130A |& tee >&@stdout /openlane/designs/PrimitiveCalculator/runs/RUN_2022.05.04_13.21.59/logs/finishing/34-erc_screen.log"

Wed May 04 13:25:00 UTC 2022 - Executing "openroad -python /openlane/scripts/generate_reports.py -d /openlane/designs/PrimitiveCalculator --design_name PrimitiveCalculator --tag RUN_2022.05.04_13.21.59 --output_file /openlane/designs/PrimitiveCalculator/runs/RUN_2022.05.04_13.21.59/reports/final_summary_report.csv --man_report /openlane/designs/PrimitiveCalculator/runs/RUN_2022.05.04_13.21.59/reports/manufacturability_report.rpt --run_path /openlane/designs/PrimitiveCalculator/runs/RUN_2022.05.04_13.21.59"

