Instance name,  X location,  Y location,  Voltage 
PHY_128, 5.4, 187.68, 1.8
PHY_129, 189, 187.68, 1.8
PHY_124, 5.4, 182.24, 1.8
PHY_126, 5.4, 182.24, 1.8
PHY_125, 189, 182.24, 1.8
PHY_127, 189, 182.24, 1.8
PHY_120, 5.4, 176.8, 1.8
PHY_122, 5.4, 176.8, 1.8
PHY_121, 189, 176.8, 1.8
PHY_123, 189, 176.8, 1.8
PHY_116, 5.4, 171.36, 1.8
PHY_118, 5.4, 171.36, 1.8
PHY_117, 189, 171.36, 1.8
PHY_119, 189, 171.36, 1.8
PHY_112, 5.4, 165.92, 1.8
PHY_114, 5.4, 165.92, 1.8
PHY_113, 189, 165.92, 1.8
PHY_115, 189, 165.92, 1.8
PHY_108, 5.4, 160.48, 1.8
PHY_110, 5.4, 160.48, 1.8
PHY_109, 189, 160.48, 1.8
PHY_111, 189, 160.48, 1.8
PHY_104, 5.4, 155.04, 1.8
PHY_106, 5.4, 155.04, 1.8
PHY_105, 189, 155.04, 1.8
PHY_107, 189, 155.04, 1.8
PHY_100, 5.4, 149.6, 1.8
PHY_102, 5.4, 149.6, 1.8
PHY_101, 189, 149.6, 1.8
PHY_103, 189, 149.6, 1.8
PHY_96, 5.4, 144.16, 1.8
PHY_98, 5.4, 144.16, 1.8
PHY_97, 189, 144.16, 1.8
PHY_99, 189, 144.16, 1.8
PHY_92, 5.4, 138.72, 1.8
PHY_94, 5.4, 138.72, 1.8
PHY_93, 189, 138.72, 1.8
PHY_95, 189, 138.72, 1.8
PHY_88, 5.4, 133.28, 1.8
PHY_90, 5.4, 133.28, 1.8
PHY_89, 189, 133.28, 1.8
PHY_91, 189, 133.28, 1.8
PHY_84, 5.4, 127.84, 1.8
PHY_86, 5.4, 127.84, 1.8
PHY_85, 189, 127.84, 1.8
PHY_87, 189, 127.84, 1.8
PHY_80, 5.4, 122.4, 1.8
PHY_82, 5.4, 122.4, 1.8
PHY_81, 189, 122.4, 1.8
PHY_83, 189, 122.4, 1.8
PHY_76, 5.4, 116.96, 1.8
PHY_78, 5.4, 116.96, 1.8
PHY_77, 189, 116.96, 1.8
PHY_79, 189, 116.96, 1.8
PHY_72, 5.4, 111.52, 1.8
PHY_74, 5.4, 111.52, 1.8
PHY_73, 189, 111.52, 1.8
PHY_75, 189, 111.52, 1.8
PHY_68, 5.4, 106.08, 1.8
PHY_70, 5.4, 106.08, 1.8
PHY_69, 189, 106.08, 1.8
PHY_71, 189, 106.08, 1.8
PHY_64, 5.4, 100.64, 1.8
PHY_66, 5.4, 100.64, 1.8
PHY_65, 189, 100.64, 1.8
PHY_67, 189, 100.64, 1.8
PHY_60, 5.4, 95.2, 1.8
PHY_62, 5.4, 95.2, 1.8
PHY_61, 189, 95.2, 1.8
PHY_63, 189, 95.2, 1.8
PHY_56, 5.4, 89.76, 1.8
PHY_58, 5.4, 89.76, 1.8
PHY_57, 189, 89.76, 1.8
PHY_59, 189, 89.76, 1.8
PHY_52, 5.4, 84.32, 1.8
PHY_54, 5.4, 84.32, 1.8
PHY_53, 189, 84.32, 1.8
PHY_55, 189, 84.32, 1.8
PHY_48, 5.4, 78.88, 1.8
PHY_50, 5.4, 78.88, 1.8
PHY_49, 189, 78.88, 1.8
PHY_51, 189, 78.88, 1.8
PHY_44, 5.4, 73.44, 1.8
PHY_46, 5.4, 73.44, 1.8
PHY_45, 189, 73.44, 1.8
PHY_47, 189, 73.44, 1.8
PHY_40, 5.4, 68, 1.8
PHY_42, 5.4, 68, 1.8
PHY_41, 189, 68, 1.8
PHY_43, 189, 68, 1.8
PHY_36, 5.4, 62.56, 1.8
PHY_38, 5.4, 62.56, 1.8
PHY_37, 189, 62.56, 1.8
PHY_39, 189, 62.56, 1.8
PHY_32, 5.4, 57.12, 1.8
PHY_34, 5.4, 57.12, 1.8
PHY_33, 189, 57.12, 1.8
PHY_35, 189, 57.12, 1.8
PHY_28, 5.4, 51.68, 1.8
PHY_30, 5.4, 51.68, 1.8
PHY_29, 189, 51.68, 1.8
PHY_31, 189, 51.68, 1.8
PHY_24, 5.4, 46.24, 1.8
PHY_26, 5.4, 46.24, 1.8
PHY_25, 189, 46.24, 1.8
PHY_27, 189, 46.24, 1.8
PHY_20, 5.4, 40.8, 1.8
PHY_22, 5.4, 40.8, 1.8
PHY_21, 189, 40.8, 1.8
PHY_23, 189, 40.8, 1.8
PHY_16, 5.4, 35.36, 1.8
PHY_18, 5.4, 35.36, 1.8
PHY_17, 189, 35.36, 1.8
PHY_19, 189, 35.36, 1.8
PHY_12, 5.4, 29.92, 1.8
PHY_14, 5.4, 29.92, 1.8
PHY_13, 189, 29.92, 1.8
PHY_15, 189, 29.92, 1.8
PHY_10, 5.4, 24.48, 1.8
PHY_8, 5.4, 24.48, 1.8
PHY_11, 189, 24.48, 1.8
PHY_9, 189, 24.48, 1.8
PHY_4, 5.4, 19.04, 1.8
PHY_6, 5.4, 19.04, 1.8
PHY_5, 189, 19.04, 1.8
PHY_7, 189, 19.04, 1.8
PHY_0, 5.4, 13.6, 1.8
PHY_2, 5.4, 13.6, 1.8
_02_, 5.4, 13.6, 1.8
_03_, 5.4, 13.6, 1.8
_04_, 5.4, 13.6, 1.8
_05_, 5.4, 13.6, 1.8
_06_, 5.4, 13.6, 1.8
_07_, 5.4, 13.6, 1.8
_08_, 5.4, 13.6, 1.8
_09_, 5.4, 13.6, 1.8
_10_, 5.4, 13.6, 1.8
_11_, 5.4, 13.6, 1.8
_12_, 5.4, 13.6, 1.8
_13_, 5.4, 13.6, 1.8
PHY_1, 189, 13.6, 1.8
PHY_3, 189, 13.6, 1.8

